# name/game/hands/seed qwq holdem.nolimit.3p.game 1000 0
#--t_response 6000000
#--t_hand 6000000
#--t_per_hand 70000
STATE:0:r4644cc/ccr17653r20000cc//:5d5c|9hQd|8dAs/8s4h6d/5s/Js:40000|-20000|-20000:A|B|C
STATE:1:r7759r19647cr20000cc///:Ks6h|Qs5d|Tc4d/Ah3dTd/8c/Qd:-20000|40000|-20000:B|C|A
STATE:2:r9991cr19915cr20000cc///:Jh7c|Kd7d|Kh3h/8d2c9h/Ts/Kc:40000|-20000|-20000:C|A|B
STATE:3:r534r16010cr20000cc///:6c4h|JhKd|Ts9s/ThAh6s/9c/8d:-20000|-20000|40000:A|B|C
STATE:4:ccr2746cc/ccr19702r20000cc//:KcQd|9hAs|3d2s/Tc5h4s/Kh/6d:-20000|-20000|40000:B|C|A
STATE:5:cfr8521c/cr18313c/r18856r19710r20000c/:9dQd|8cKh|KsTh/Kd7d3d/3s/6s:-50|-20000|20050:C|A|B
STATE:6:fcc/cc/cr11813c/cc:7d4h|As9s|7cJh/3dAd9d/Ac/2s:-11813|11813|0:A|B|C
STATE:7:r14072r20000cc///:4h6c|3sQc|TsAd/4s2s4d/Ah/8d:40000|-20000|-20000:B|C|A
STATE:8:cr17975r20000cc///:3hKc|Jh6d|9s7s/Qs4sTh/Js/Ks:-20000|-20000|40000:C|A|B
STATE:9:cr15169r20000cf///:9dTc|9s4h|3h7c/2h9hTs/2c/Ah:-15169|35169|-20000:A|B|C
STATE:10:cr16710r20000cc///:2sKh|ThJd|3sAd/3h6hJh/Jc/As:-20000|40000|-20000:B|C|A
STATE:11:r19463r20000cc///:7h5d|9c5s|8h7d/2s6sQd/7c/Ad:-20000|-20000|40000:C|A|B
STATE:12:r3942cc/r7686r11965cr19813cr20000cf//:8sJd|Th4c|Js9s/4h6c6d/7d/Ac:-20000|-19813|39813:A|B|C
STATE:13:cr10636r20000cc///:2hAc|ThAs|7cQs/5cKs5s/3d/9c:-20000|40000|-20000:B|C|A
STATE:14:cfc/r11326r20000c//:7d9c|Td6h|4c5d/2h8sJh/4d/5h:-50|-20000|20050:C|A|B
STATE:15:ccr9860cr19812r20000fc///:TsQh|7s3d|6c2h/Th9d5s/Ks/6h:29860|-20000|-9860:A|B|C
STATE:16:ccc/r7239r14613r20000cc//:7c4s|4h9s|3hQh/9cTs7s/Js/Ah:-20000|40000|-20000:B|C|A
STATE:17:r15315cr20000cc///:JdKs|Js2h|3dQh/3h6dKd/2c/2d:-20000|40000|-20000:C|A|B
STATE:18:ccc/ccc/r5940r17516r20000cc/:5sJh|8dTh|5c2d/5dTcAd/Jd/7s:40000|-20000|-20000:A|B|C
STATE:19:ccr7573cf/cr14507r20000c//:6cKs|3cAs|5s9c/QcTc4d/Qd/5h:-100|-20000|20100:B|C|A
STATE:20:r3991fc/r8266r19048f:7dKc|3sJs|2dAh/As9hAd:-50|-8266|8316:C|A|B
STATE:21:ccc/ccr5463r11529r19733cr20000cc//:9cKh|8h3c|8s5c/QcQsAc/4h/Ks:40000|-20000|-20000:A|B|C
STATE:22:fr17035c/r18553c/r19192f:6hAd|4d5d|6dTs/Ah3hKc/Qh:18553|-18553|0:B|C|A
STATE:23:r19898cc/r20000cc//:9sKh|5cTs|2sQc/8h5s7c/3s/Ac:-20000|40000|-20000:C|A|B
STATE:24:cr17700r20000cc///:5sAd|6s3d|TsTd/4s2sJh/7s/3s:-20000|-20000|40000:A|B|C
STATE:25:cr17172cc/cr17537r18330cc/r18700r19897cr20000cc/:Qh7h|3dAd|Th4s/JhQdAs/9d/7c:40000|-20000|-20000:B|C|A
STATE:26:r4025cr16945r20000cc///:Ks3c|5hTc|Qd4d/2h4h2c/3h/9d:-20000|-20000|40000:C|A|B
STATE:27:r2265cc/cr10354r18891cc/r19571r20000cc/:Th5d|Qs8h|7sAc/JsTd7h/Ah/5c:-20000|-20000|40000:A|B|C
STATE:28:cfc/cc/r5443c/r16613r20000c:Qd5h|5cKs|Qh3s/Td8h7h/2d/5s:-50|20050|-20000:B|C|A
STATE:29:r18454r20000cc///:6dKd|Ad6h|Js3h/8c8s7h/Qd/Kh:40000|-20000|-20000:C|A|B
STATE:30:r18530r20000cc///:7dJh|TsAs|Qd7h/6dTd5d/2s/8h:-20000|40000|-20000:A|B|C
STATE:31:r10342cc/cr10480r11154r16361r20000cc//:7sJs|2sQc|4dQs/Ac9d2h/Jc/3s:40000|-20000|-20000:B|C|A
STATE:32:ccc/r16450r20000cc//:Jc6d|2c6s|KdTh/2sKs6c/Td/6h:-20000|40000|-20000:C|A|B
STATE:33:cr9547cc/r10827r16154cc/ccc/r16807r19184cr20000cc:Qd4d|6hTh|5dJc/3h4c3s/9d/Kd:40000|-20000|-20000:A|B|C
STATE:34:r18054cr20000cc///:3d5c|AdKh|Th6c/Js7c4s/5h/6d:40000|-20000|-20000:B|C|A
STATE:35:ccc/r15819cc/ccc/r19858cf:8sKc|5s8h|As9s/5h6hTd/6s/7h:-19858|35677|-15819:C|A|B
STATE:36:fcr17620c/r18399c/r19356r20000c/:9c6h|3dJh|AhTs/9d7s7h/8s/2d:20000|-20000|0:A|B|C
STATE:37:r18417r20000cc///:2dAs|3s8c|Jc2s/6h5cQd/Qh/Jd:-20000|-20000|40000:B|C|A
STATE:38:fcc/cc/cc/cc:Ts8d|Jh7d|5d4d/9cTc8c/Kh/2c:-100|100|0:C|A|B
STATE:39:cr15650r20000cc///:5dAs|5h2s|5cKh/TcJs2d/9c/8h:-20000|40000|-20000:A|B|C
STATE:40:r8081cc/ccc/cr13968cc/r19031r20000cc:As6d|Jh5s|2sQs/Jc6cTd/4h/Ah:40000|-20000|-20000:B|C|A
STATE:41:ccr507cc/ccc/r15982cr20000cc/:As6s|5c4s|Qh8h/9s3s5s/2d/Th:40000|-20000|-20000:C|A|B
STATE:42:r4401cc/r16378r20000cc//:4hJs|Tc7s|Jh6c/Ad8h3s/5d/4d:40000|-20000|-20000:A|B|C
STATE:43:cr5236r17470cc/ccr19491fr20000c//:2d7c|Qh6s|Ts4c/5c8cQd/Kh/8d:-17470|37470|-20000:B|C|A
STATE:44:fr2833c/r9735r17603c/cr19297r20000c/:3d4s|Ac6d|Js2d/Jh3h5h/6c/9h:-20000|20000|0:C|A|B
STATE:45:ccr11942fc/cr19645c/cr19926r20000f:8c6s|Tc8h|Qc2h/8s7h6c/Kh:20026|-19926|-100:A|B|C
STATE:46:cr4302r10833cf/cr11504r14736c/r19943c/cr20000c:5cTh|2h7d|7cAs/JsQd5d/Ah/Ks:-4302|-20000|24302:B|C|A
STATE:47:cr18212r20000cc///:3hQd|Kh3s|4s5h/9c6c2h/4c/Ts:-20000|-20000|40000:C|A|B
STATE:48:r6118r17054r20000cc///:Kd9h|JdTc|2cQd/8h9s7s/Jc/As:-20000|40000|-20000:A|B|C
STATE:49:cfr12454c/r14939c/cr18076c/cc:Qd5s|6s9h|Qh7d/8h6h6c/Ac/Tc:-50|18126|-18076:B|C|A
STATE:50:r17523cc/r18816cr20000cc//:TdKs|8c8s|Qh3d/8dJdQs/6h/Jc:-20000|40000|-20000:C|A|B
STATE:51:fr1658r19998c/r20000f:2c8h|3h8c|QdJc/QsAc8d:19998|-19998|0:A|B|C
STATE:52:ccc/cr4699r10056r17694cr20000cc//:7h6s|JdQh|Jc8c/TsKc9d/2d/Tc:-20000|40000|-20000:B|C|A
STATE:53:r3607cr8330fr19773r20000c///:3s5c|Th7c|5d5s/Kd8h6d/As/Ts:-20000|23607|-3607:C|A|B
STATE:54:r9127cc/r9901cr16838cc/ccr19863r20000fc/:QhAd|5s3h|2h2c/Tc6h2s/7h/Jh:-20000|-16838|36838:A|B|C
STATE:55:r1940fc/cr7041c/cc/cc:2sTd|ThQc|7s3c/4dKc8d/4h/Qh:-50|7091|-7041:B|C|A
STATE:56:ccr17238cr20000fc///:KhKs|9s2h|KcAc/Js9d5s/Tc/5c:37238|-17238|-20000:C|A|B
STATE:57:ccr10446r20000cc///:AcKs|Th3h|Qh5c/Jc7c6s/Kd/6d:40000|-20000|-20000:A|B|C
STATE:58:fr3720c/r18598r20000c//:8h8c|7c5h|9d4h/Kd9hJc/Ts/4s:20000|-20000|0:B|C|A
STATE:59:fcc/r9204r19772r20000c//:2d9c|5h3h|As4d/5s8s9d/Js/2s:20000|-20000|0:C|A|B
STATE:60:r16880r20000cc///:8s2c|9s8c|Jd6d/4sQcQd/Ah/2d:40000|-20000|-20000:A|B|C
STATE:61:ccr1107cc/cr11002r20000cc//:4d4c|2cAd|5cKc/7h7cAc/Qd/8s:-20000|40000|-20000:B|C|A
STATE:62:ccc/ccc/cr14952r20000cc/:2h9s|Qc3d|AhJh/AcJd8c/3h/8d:-20000|-20000|40000:C|A|B
STATE:63:r7614fc/cc/cc/r10945r16229r20000c:JsTd|5s2c|AsAc/TcAh8h/Jh/3h:-50|-20000|20050:A|B|C
STATE:64:r6260r16056r20000fc///:JdQc|7cTc|Ad7s/9cKc2s/8s/8h:26260|-20000|-6260:B|C|A
STATE:65:ccr15977fc/r16889c/cc/cr19280c:2dJc|7c9d|JsKs/8h5cQs/Jd/Kh:19380|-19280|-100:C|A|B
STATE:66:cr17523r20000cc///:AhAd|7h4c|8dJh/JdQd2h/3c/Qh:40000|-20000|-20000:A|B|C
STATE:67:cr547cr17182cr20000cc///:3s9c|JsTs|8d6c/8hTd7c/2d/9h:-20000|40000|-20000:B|C|A
STATE:68:r9334cc/cr14561r19870r20000fc//:2hQc|5s9c|6s7d/Jh4h8c/6h/3c:-20000|-14561|34561:C|A|B
STATE:69:r19817cr20000cc///:8c4c|2sAc|TdAd/7d4s9d/6h/Qd:-20000|-20000|40000:A|B|C
STATE:70:cr9624r19384r20000cc///:Jd5s|8cKc|Kh9s/Th5d7h/Qd/8s:-20000|40000|-20000:B|C|A
STATE:71:ccr5665r12016r19810r20000fc///:2cJc|4d5h|3c6h/2h5d8h/9c/3s:-20000|32016|-12016:C|A|B
STATE:72:r10420cr20000fc///:Jh2c|2hKc|5s8d/TsTc6d/5d/6s:-20000|30420|-10420:A|B|C
STATE:73:r3736r8107cc/r15727cf/cr17025c/r19901r20000c:8hAd|Ks2d|4h7c/3cQh3h/7h/7s:28107|-20000|-8107:B|C|A
STATE:74:cr9412cc/cr15436cr20000cc//:3s6d|9d2h|8cKh/4h8h6h/3d/5h:-20000|-20000|40000:C|A|B
STATE:75:cr17204cc/r19015cc/ccc/ccc:6d9s|JhAs|8c4c/4dKh5c/2h/2s:-19015|-19015|38030:A|B|C
STATE:76:r19954r20000cf///:4s7s|8c7h|6h7c/AdKs8s/Tc/Qh:-20000|39954|-19954:B|C|A
STATE:77:ccc/r1598r8188cc/cr16291cc/cr17807cr19474r20000cc:TdTs|8s2c|Ks7s/3hQc8h/5d/4h:40000|-20000|-20000:C|A|B
STATE:78:r13572cr20000cc///:2sKc|9dKd|Js2h/QdAs8s/9s/6c:-20000|40000|-20000:A|B|C
STATE:79:cr11041fr20000c///:5c9c|5sQd|3hTc/7c4s3d/6s/Td:20100|-100|-20000:B|C|A
STATE:80:cfc/r15277c/r16271c/r16803c:Ah3s|5c6c|7h4h/5sJsAd/8c/Kd:-50|16853|-16803:C|A|B
STATE:81:ccc/cr5075cr15746r20000cc//:4cTs|Qs9s|9h5d/8d6c6d/8h/4d:-20000|40000|-20000:A|B|C
STATE:82:ccr419r14443fr20000c///:QdKs|4hTc|7h5d/AsQc9d/8h/Kd:-100|20100|-20000:B|C|A
STATE:83:r9434fr19645c/r19968c/cc/cc:Qc5s|9s3c|Qd4c/5c5d7d/2s/9d:-50|20018|-19968:C|A|B
STATE:84:r11716fc/r15272c/r18326c/cc:Kh2c|8c3c|Ah3d/Ks9c3h/Ad/Ts:-50|-18326|18376:A|B|C
STATE:85:r11158r20000cc///:9d6h|3d9s|2cAs/2hAc4s/5h/7d:-20000|40000|-20000:B|C|A
STATE:86:cr12489cc/ccc/r15088cc/ccc:KhQs|Jh2c|5s2s/7s5dKs/3h/8s:-15088|-15088|30176:C|A|B
STATE:87:r14198cc/r14731cr15874cf/r17203c/r17871c:7d2d|3d4s|2s9s/KdKc6h/7h/6c:32602|-14731|-17871:A|B|C
STATE:88:r10161cr20000cc///:TcJc|6d4s|Ac8s/AsAh3s/Jd/5d:-20000|-20000|40000:B|C|A
STATE:89:fr19133c/r19401c/r19950c/r20000c:2c8d|2d3s|Qd9h/JdKc8c/5s/Td:20000|-20000|0:C|A|B
STATE:90:r8866cr17977cr20000cc///:8c7c|3d2h|Qs7d/TcTh2d/Qh/7h:-20000|-20000|40000:A|B|C
STATE:91:fr11281r20000c///:7d5s|8c9d|Th6d/Tc3h3c/Kc/Qc:-20000|20000|0:B|C|A
STATE:92:r19955cr20000cc///:8c4h|As7c|JhQc/TcTd2h/Ah/6c:-20000|40000|-20000:C|A|B
STATE:93:r5562cc/r19584cc/cr19821cr20000cc/:3d6h|2d8d|8h6d/4sAh5s/3c/4c:-20000|40000|-20000:A|B|C
STATE:94:r985cr12470r20000cc///:5cQs|5h3s|7s2h/2cKc7d/6s/7h:-20000|-20000|40000:B|C|A
STATE:95:r16953cr20000cc///:7dQs|3dQd|As5h/Ac8cTh/9h/6s:40000|-20000|-20000:C|A|B
STATE:96:r15911fr20000c///:7sTs|3cAh|TcKs/3s5d5c/3h/9c:-50|20050|-20000:A|B|C
STATE:97:cfc/cc/cc/cr10704r20000c:5c7h|3d6h|AcQs/2hTcAd/Jc/7d:-50|-20000|20050:B|C|A
STATE:98:cr8104r17032r20000cc///:9dAs|6d8h|8c4s/7sTc2h/3h/Td:40000|-20000|-20000:C|A|B
STATE:99:cr2124cr18607ff:5cTs|4d7c|3hTd:-2124|-2124|4248:A|B|C
STATE:100:ccr4695r18471cc/ccr19027r19873r20000fc//:Jd8d|6h8c|8h2c/Qh3sAh/3h/5c:39027|-20000|-19027:B|C|A
STATE:101:r9359cr19533r20000cc///:2c3h|Ad6s|Kh8c/9s5d7c/Qh/Tc:-20000|40000|-20000:C|A|B
STATE:102:ccr10090r20000cc///:8c4d|6c9d|2dQs/9h7cTh/5s/Ad:-20000|40000|-20000:A|B|C
STATE:103:ccc/r2513cr14088r20000cc//:7cQh|7dAs|Jc5c/Ah6sKc/Ks/Kd:-20000|40000|-20000:B|C|A
STATE:104:r10087cc/cr17011cr20000cf//:Qh9d|Td9h|Ad7h/6cTs2s/2d/8s:-20000|37011|-17011:C|A|B
STATE:105:r17166r20000cf///:8sKh|Qh3s|Qd5d/JcJdAh/5h/4d:37166|-20000|-17166:A|B|C
STATE:106:r3468r9090r17964r20000cc///:4c6s|6hAs|8h3c/8sAd7d/6c/9c:-20000|40000|-20000:B|C|A
STATE:107:r2579cr12432r20000cc///:7d9s|2hAh|AsTh/KcQh3h/Js/7h:-20000|40000|-20000:C|A|B
STATE:108:r16550r20000cc///:9d2c|Qh8d|2d9s/7c3dKs/2h/Td:10000|-20000|10000:A|B|C
STATE:109:cr9308r19246cr20000cc///:JcTs|7sAc|2dJh/Kc9sAh/Td/3s:-20000|40000|-20000:B|C|A
STATE:110:r9946r19922r20000cf///:5sKc|Qd3h|Qh5c/Ac7sQs/8d/Qc:-19922|9961|9961:C|A|B
STATE:111:r14564r20000cc///:KdKh|Ah6h|4s2s/4h6c9c/8c/Kc:40000|-20000|-20000:A|B|C
STATE:112:r7864r19875cr20000cc///:5s2c|7c8d|6h4s/Kh5c4h/Kd/Ad:40000|-20000|-20000:B|C|A
STATE:113:r7056r19148cc/ccr19359r19801r20000cf//:8dKd|3dAc|QdAd/9d6d9h/4h/5h:-19801|-20000|39801:C|A|B
STATE:114:r3436cf/cr18271r20000c//:9sJc|2s4s|3s9d/9c6d2d/Ac/Qc:20100|-100|-20000:A|B|C
STATE:115:ccc/r19467cr20000cc//:4h7d|2c7c|8c6d/Js5c4s/8s/3c:-20000|-20000|40000:B|C|A
STATE:116:ff:9h8s|6sJd|8hTh:-50|50|0:C|A|B
STATE:117:fcc/r4201f:5c8s|Js6s|TcTh/3h9d4c:100|-100|0:A|B|C
STATE:118:r9099r19113cc/cr19667r20000fc//:Ad9h|Kd4d|KhJs/5cQsAs/2d/6c:-19113|-20000|39113:B|C|A
STATE:119:cfc/cr12696c/r14126c/r15447c:Ah8c|Jc4h|3c7h/Kd5c8d/8s/Jh:-50|15497|-15447:C|A|B
STATE:120:r4798cc/cr5185r13757r20000cc//:6s7h|5s8h|Qc6h/5hQd4s/Td/Qh:-20000|-20000|40000:A|B|C
STATE:121:cr18943r20000cc///:4c4d|5hQs|4sAs/JsJc5d/3s/7h:-20000|40000|-20000:B|C|A
STATE:122:r4237r11611r19768r20000cc///:QcAh|6c3h|9sKs/4hKdTd/7s/7c:-20000|-20000|40000:C|A|B
STATE:123:r19550r20000cc///:4d2s|4cQc|KdJh/Ts3c8s/Kc/9d:-20000|-20000|40000:A|B|C
STATE:124:r19610r20000cc///:3h4c|AcTd|2dQs/JhJc6s/Ts/Jd:-20000|40000|-20000:B|C|A
STATE:125:fcr7766c/r8510f:6s2s|As4h|KsTd/Qh6c3h:7766|-7766|0:C|A|B
STATE:126:cr16042r20000cc///:5h5d|4d2s|5s6s/Qh7cKs/9h/3s:40000|-20000|-20000:A|B|C
STATE:127:ccr3532fc/r13480r20000c//:Td7d|Th3c|2dKs/5c9h9s/3s/Qs:-20000|20100|-100:B|C|A
STATE:128:r19729r20000fc///:2s9s|3hAc|Ks6c/4dTs7s/Td/7h:-20000|-100|20100:C|A|B
STATE:129:ccr11617r20000cf///:Kc8h|2d5c|ThQc/4hJs6d/Kh/Qs:31617|-11617|-20000:A|B|C
STATE:130:r8707cr19185r20000cf///:7s7c|5cTc|TdTs/3c9d7h/9h/As:39185|-19185|-20000:B|C|A
STATE:131:r10559cf/cc/cr17526r20000f:9dTd|As2h|7cJc/6s3c6c/2s:17626|-100|-17526:C|A|B
STATE:132:ccr12654cc/r16780cc/cr18748r20000cc/:KcJh|7d2c|Qs6c/TsKsTd/8s/5h:40000|-20000|-20000:A|B|C
STATE:133:ccr15752cc/cr19240r20000cc//:7c6h|7d2c|3s9s/8c4sQs/Kc/6d:40000|-20000|-20000:B|C|A
STATE:134:r4264fc/cr6548c/cr7584c/r14907r20000c:5dJc|ThTd|7c4d/5h7d9s/9c/3c:-50|20050|-20000:C|A|B
STATE:135:fcr1250r5551c/r12519c/cc/cr13052r14636c:9dJs|Qh3d|Jc3h/8h5h8c/Ks/Kd:-14636|14636|0:A|B|C
STATE:136:r3025r15093r20000cc///:3sQh|5d6d|KcJs/2c9hJc/Ad/3h:-20000|-20000|40000:B|C|A
STATE:137:cr15937cc/r19348r20000cc//:6s5d|AsJh|3sAd/9dKdQh/Kh/8c:-20000|40000|-20000:C|A|B
STATE:138:fcr7956r19088c/cr19795c/cr19950r20000c/:Th4s|3s4c|9c6c/Td2hJh/5c/4d:20000|-20000|0:A|B|C
STATE:139:ccr8136cc/r10397cr18039r20000cc//:2dQd|8sQh|9s4c/Td3d8c/Kc/Ts:-20000|40000|-20000:B|C|A
STATE:140:r1579cc/cr3239r12907cc/r19824r20000cf/:KhTs|7c5h|4sQs/As6sTc/3s/3h:-19824|-20000|39824:C|A|B
STATE:141:ccr15113cc/r16819cc/r18528cr20000cc/:7c4h|AhJd|QsQh/Kd5dTs/7d/2c:-20000|-20000|40000:A|B|C
STATE:142:r16849r20000cc///:Th7d|Ts7c|Js2s/Ah2dQh/Qs/9h:-20000|-20000|40000:B|C|A
STATE:143:cr12271cr20000cc///:Td2h|3c4c|5d6h/Ac6d2d/2s/7h:40000|-20000|-20000:C|A|B
STATE:144:ccc/cr3991fr16870r20000f:8c4s|TsKd|3h6s/6d8s5h:-16870|16970|-100:A|B|C
STATE:145:ccr7295cr17414cc/r18464r19856cc/ccr19961r20000cc/:4d3c|5cTs|2c4s/JcQsKc/Tc/2h:-20000|40000|-20000:B|C|A
STATE:146:fcc/r15405c/cc/r15552r17015r18506c:4cTh|6h8c|5s2d/7h9d6d/Qd/6s:-18506|18506|0:C|A|B
STATE:147:ccr17977r20000cf///:9c6d|ThTs|8s3c/5s5h8h/Td/Jh:-20000|-17977|37977:A|B|C
STATE:148:cr19110r20000cc///:ThAc|5h9h|6s7d/8cJhQc/Ks/8h:40000|-20000|-20000:B|C|A
STATE:149:r12828cc/ccr17727r20000cc//:6c3c|3s8h|4c4d/9sKsTd/7h/6s:-20000|40000|-20000:C|A|B
STATE:150:ccc/r13549r20000cc//:6cAd|3c6s|4hTs/5d7hQh/7d/Qd:40000|-20000|-20000:A|B|C
STATE:151:cr3780r8300cr13776cc/cr17006cc/r18987cc/cr19567r20000cc:2dAd|7d6d|8sQs/9h6sQd/Ks/3c:-20000|-20000|40000:B|C|A
STATE:152:fr3372c/cr7559c/cc/r18211r20000c:3d8h|QcAc|JcTd/2s6hKd/Kh/7s:-20000|20000|0:C|A|B
STATE:153:r3278r9795r19297r20000cc///:QhJh|5h8s|Kh8d/9c9sAs/Jd/4s:40000|-20000|-20000:A|B|C
STATE:154:cr6978r16611cr20000fc///:QsAh|8dTc|6dAd/6h2s6s/7c/Kh:-20000|-16611|36611:B|C|A
STATE:155:ccc/cr2617r17958cc/ccr18854r19781r20000fc/:4c7d|6h9h|8dTh/8c3dJd/Kc/5c:-20000|38854|-18854:C|A|B
STATE:156:r4004cr18040cr20000cc///:8hJs|3hKh|8sQh/4dAh6d/6h/9d:-20000|40000|-20000:A|B|C
STATE:157:ccc/cr15899cr20000cc//:KcAd|2c9h|2s6d/Qh7c2d/9c/Qd:-20000|40000|-20000:B|C|A
STATE:158:cr18850cf/cr19405r19972r20000c//:8cAd|JsQh|2c3s/5d9dTd/7s/7c:20100|-20000|-100:C|A|B
STATE:159:r6994r18552fc/cc/cc/cc:5sJc|6dQs|As9h/Ac5d9s/8h/3c:-18552|-100|18652:A|B|C
STATE:160:fr10140c/cr13117c/cr17387c/r19129f:4c4h|6h7h|2c4d/3s2s3d/Kh/6c:17387|-17387|0:B|C|A
STATE:161:fr15455c/r18757f:9d4s|Th7h|9h3d/KcKs2d:15455|-15455|0:C|A|B
STATE:162:cr12004r20000cc///:5h9c|5cTc|7d4c/4dKs2h/9d/Qh:40000|-20000|-20000:A|B|C
STATE:163:ccc/cr10734cc/r11136cr11743fc/cr13179r14737r18820r20000c:6d7h|2sJs|JhTs/3h5h9s/5s/3d:-11136|5568|5568:B|C|A
STATE:164:ccc/cr10413cc/r12719cc/cr16060cr19557cc:AhQs|Jh2s|4hTc/9d2c4s/Ac/8c:39114|-19557|-19557:C|A|B
STATE:165:r11220cc/cr14201cc/cr19566r20000cc/:Jh4s|KdAd|AhKs/7h6d8d/9c/8h:-20000|10000|10000:A|B|C
STATE:166:r7976cr18822r20000cc///:3hKd|Qh7d|2d4h/9s8cKc/4d/Kh:40000|-20000|-20000:B|C|A
STATE:167:ccr6288cc/cr13858cc/r16724r19792fr20000c/:Kd6c|8c9d|9c2h/3dThTs/9h/Jd:-20000|33858|-13858:C|A|B
STATE:168:r19628r20000cf///:6hJs|3s9d|Qs8h/KdJd4c/Td/4d:-20000|39628|-19628:A|B|C
STATE:169:cr11463fr20000c///:9c2c|3c4d|Qd9d/9h8c7d/8s/7c:-20000|-100|20100:B|C|A
STATE:170:fr10898r20000c///:Ts4d|7sQs|9s6s/9c3c4s/Ks/2c:20000|-20000|0:C|A|B
STATE:171:r9229cc/ccr19439r20000cc//:Js5c|2sTd|As2h/3dKhAd/Kc/7h:-20000|-20000|40000:A|B|C
STATE:172:r15429cc/ccc/r18042cr20000cc/:2c7s|8dKd|9hJs/Jc3d5h/7c/6d:-20000|-20000|40000:B|C|A
STATE:173:r9132r19590cr20000cc///:8h6h|Qh5h|6s2s/Td3h4c/8d/3s:40000|-20000|-20000:C|A|B
STATE:174:r12162cc/cr13054r15321r19093cc/r19468cr19858cc/r19995cr20000cc:7s9h|2hTs|3hJh/7dTh3d/Ac/9d:40000|-20000|-20000:A|B|C
STATE:175:cr1154cr17240r20000cc///:6c9s|3s6d|7cTd/AcKh7s/7d/Kc:-20000|-20000|40000:B|C|A
STATE:176:ccc/r15505cc/cr15741cr18455r20000cc/:6c6h|Qd4s|AhQc/5cAcJd/9c/9s:-20000|-20000|40000:C|A|B
STATE:177:ccc/cr3993r13816cc/cr17289cr20000cc/:3cKc|Td8s|9hJd/TcKs8h/3d/Kh:40000|-20000|-20000:A|B|C
STATE:178:cr4333r15302r20000fc///:8d4c|QcJs|5c9c/Qh2hKd/7c/9h:-4333|24333|-20000:B|C|A
STATE:179:cr6249cr12697cf/cr18266r20000c//:Ac5d|9hJc|2h2s/5s3hAd/4d/Qh:-20000|-6249|26249:C|A|B
STATE:180:r13890cc/r14813cf/r16287f:Th7h|7c5d|4s3s/Jd7d5s/3d:28703|-14813|-13890:A|B|C
STATE:181:ccr7200cc/r13896fc/cr16926r19995r20000c/:9cKh|9d5d|4s9h/5hJcKs/2d/Ad:27200|-7200|-20000:B|C|A
STATE:182:r4441r17935cr20000cc///:8cAs|6h5c|QhKs/Th7h8s/7d/8h:40000|-20000|-20000:C|A|B
STATE:183:r3339cr8295r15973cr20000cc///:Qs7h|6sKh|9s9h/AcKcQh/8c/Js:-20000|40000|-20000:A|B|C
STATE:184:ccr5541cr18360r20000cf///:6cJs|7s7d|7c4s/6d5cTc/2s/Kh:-18360|38360|-20000:B|C|A
STATE:185:cr7589r15758r20000cc///:3d4s|7h8h|AdTh/4cJs3h/Ts/Tc:-20000|-20000|40000:C|A|B
STATE:186:r18451r20000fc///:7c8s|6h9s|9d3h/5d3c7s/Qh/4d:20100|-100|-20000:A|B|C
STATE:187:ccr5775cr13882cr20000fc///:9d8h|6h7h|4h9c/6s3d7d/7c/5c:-13882|33882|-20000:B|C|A
STATE:188:r4947cc/ccr7437cr12216cc/r17915fc/cc:JsQc|QhTh|6dJc/9dKd4h/4d/Tc:30131|-12216|-17915:C|A|B
STATE:189:cr7531r16860cr20000cc///:2h2d|3h6s|7c4h/Tc3dAd/4s/9s:-20000|-20000|40000:A|B|C
STATE:190:r9302cr18759cr20000cc///:Ah8d|4dAs|5s5h/TcQc9s/Th/6c:-20000|-20000|40000:B|C|A
STATE:191:r6176r18250r20000cc///:9c5c|7c6h|Th5d/9sQc8h/Ad/8s:40000|-20000|-20000:C|A|B
STATE:192:ccr17630r20000cc///:8dJd|2s7d|8sJs/4s9h5h/7c/Qh:-20000|40000|-20000:A|B|C
STATE:193:r2754cc/cr12053r20000cc//:Qd7c|Ts6s|9c6c/Qs5c5h/4c/6h:40000|-20000|-20000:B|C|A
STATE:194:r15140cr20000cc///:Ad5h|3c5d|7dAh/4cQd3s/Ac/7h:-20000|-20000|40000:C|A|B
STATE:195:cr8596r18517r20000cf///:6hAs|AcQs|Qc3h/7d7c3c/5s/5d:38517|-18517|-20000:A|B|C
STATE:196:cr10470r20000cc///:8d4d|7sAc|Jc7h/7c7dQs/9d/As:-20000|40000|-20000:B|C|A
STATE:197:cfc/r15966r20000c//:8hTs|5c2h|4s9s/Js6c9c/2c/5d:-50|20050|-20000:C|A|B
STATE:198:r12526r20000cc///:3d8d|JdAd|7h9s/9hAcJs/3h/6h:-20000|40000|-20000:A|B|C
STATE:199:ccc/ccc/ccc/ccc:3cAd|KcQd|4hAs/2c8dAc/Kd/3h:200|-100|-100:B|C|A
STATE:200:r11474cr20000cf///:Jc3s|4s7c|6c9h/4cTc3c/As/3h:-11474|31474|-20000:C|A|B
STATE:201:r18282r20000cc///:8cJs|Jc6d|AsQd/4c4s5s/8d/9d:40000|-20000|-20000:A|B|C
STATE:202:r10126r20000fc///:8h3s|Td2s|5d3c/As4s5c/Qd/Ts:-20000|-100|20100:B|C|A
STATE:203:cr2742r7530cr14674r20000cc///:JhJc|AcAd|AhKc/7d4dKh/4c/5h:-20000|40000|-20000:C|A|B
STATE:204:r3199r6877cc/r13603r20000cf//:Jc4c|3c3d|6s2h/7hQhKh/Td/Ah:-13603|-20000|33603:A|B|C
STATE:205:r1890r9841r18445r20000cc///:Ac3h|Ah4h|4dJh/8cJs5s/Ks/2d:-20000|-20000|40000:B|C|A
STATE:206:cr15080r20000cc///:5d3s|9hJd|2c5c/Ad9sTh/Qh/Td:-20000|40000|-20000:C|A|B
STATE:207:r6408cr15384r20000cc///:5s4s|KdTc|7s5c/6hJh2d/Qs/2s:-20000|40000|-20000:A|B|C
STATE:208:r14004r20000cc///:JdJh|Qh2s|4sAd/5d8h6d/9h/Ah:-20000|-20000|40000:B|C|A
STATE:209:r13027cr20000cc///:8s3d|2h7h|Qh9d/3h9h6c/9c/Js:-20000|-20000|40000:C|A|B
STATE:210:fr18253r20000c///:TsTd|3h3d|8c2s/6sTc5s/Kh/Jc:20000|-20000|0:A|B|C
STATE:211:r11517cc/r18913cc/r19148r19535cc/r19735r19935r20000cc:9cKh|KcJc|As4c/AhJh5c/Th/4d:-20000|-20000|40000:B|C|A
STATE:212:ccr10427cr20000cc///:3d4s|Qc8h|Qs9d/5s5c7s/5h/2s:-20000|-20000|40000:C|A|B
STATE:213:r6859r18911cc/r19274r19745cc/ccr19934r20000cc/:3c3h|8d4c|9cTh/Ks3d4s/Jh/9h:40000|-20000|-20000:A|B|C
STATE:214:ccr257r11503fc/cc/r18904c/cc:5hKh|7c8h|6dTs/3s6hJh/8d/4d:-100|19004|-18904:B|C|A
STATE:215:r9633cf/r14524r19826r20000c//:Td5h|5d3c|5s7s/7hJdAc/4c/As:-20000|-100|20100:C|A|B
STATE:216:r18663cr20000cc///:Jd2d|4dKc|7cKd/2h9c4s/2c/As:40000|-20000|-20000:A|B|C
STATE:217:fr2063c/r11671c/cc/cc:5s4c|2h8h|Jh7c/JcKs9d/5c/3s:11671|-11671|0:B|C|A
STATE:218:r8910r19475cc/r19624cc/ccr19975r20000cc/:Jd3h|Ad8d|2s4c/9cKh6c/Ac/Jh:-20000|40000|-20000:C|A|B
STATE:219:r13853r20000cf///:2hAs|5d3s|3dTc/6h3cKs/Kc/Td:-20000|33853|-13853:A|B|C
STATE:220:r12771cc/r17110r20000cc//:5sQs|3h2d|7c5h/9d4d3d/4c/8h:-20000|40000|-20000:B|C|A
STATE:221:cr13146fr20000c///:Qd3s|4d8h|QhAh/Kh4c6d/5s/3d:20100|-100|-20000:C|A|B
STATE:222:cr19045r20000cc///:6cJs|6dJd|ThAs/9sJh5c/3d/Kd:10000|10000|-20000:A|B|C
STATE:223:ccc/r1695cc/r15618cc/r19717cc:9s8h|8dAh|6hTh/2h4sJd/Jh/Jc:-19717|39434|-19717:B|C|A
STATE:224:r2671cc/ccc/r13996r20000cf/:2cKc|QhAc|Jd3s/4s9d7c/Jc/7d:-13996|-20000|33996:C|A|B
STATE:225:r12521r20000cc///:As9d|Ad5s|Ac7c/Qc5dTs/6c/2c:-20000|-20000|40000:A|B|C
STATE:226:fr16303c/cc/cc/cc:6c7c|3sTs|KsTh/Td7sKc/4c/8d:-16303|16303|0:B|C|A
STATE:227:ccr19611r20000cc///:9s8h|Kd6h|7h6d/8dQhTs/Jh/5c:40000|-20000|-20000:C|A|B
STATE:228:fcc/r12118c/r14009c/cc:TsQc|3h9d|Jc7c/Kc5c8s/4d/Tc:14009|-14009|0:A|B|C
STATE:229:r18563cc/r19403r20000cc//:7dJd|4sAh|Jc8s/8h5dQd/2d/Jh:40000|-20000|-20000:B|C|A
STATE:230:r18500cr20000cc///:7cQc|9cJh|5h6s/8s2h5c/3c/Jd:-20000|40000|-20000:C|A|B
STATE:231:ccr10195r20000cc///:Kh7d|QcAh|9sKd/2h9d8c/8d/6d:-20000|-20000|40000:A|B|C
STATE:232:r7141fc/cr16205r20000c//:Qd6d|JcTd|Ah3h/8cJh6h/2h/6c:-50|-20000|20050:B|C|A
STATE:233:r9291cr18697r20000cc///:8cKd|Js5s|4h6s/Jd9hQc/Qd/8h:-20000|40000|-20000:C|A|B
STATE:234:cfr1199r4730c/r13040r20000f:Qs6d|8s5c|Ad3d/8c7hQc:-50|-13040|13090:A|B|C
STATE:235:r19939r20000cc///:2c4s|JsQs|4h5h/6sJh6d/Qc/5c:-20000|40000|-20000:B|C|A
STATE:236:ccc/cr10243r20000cc//:2hKd|7hKh|7dTs/4d9s6h/Qh/5s:-20000|40000|-20000:C|A|B
STATE:237:ccr962cr5774cc/ccc/ccc/r16431r20000cc:Ks7c|5h4h|Qc8c/6dJcTs/7h/Jd:40000|-20000|-20000:A|B|C
STATE:238:r2694cr10440r18793fr20000c///:TsAd|9c7c|QcJd/Qd9d3h/7d/4c:-2694|22694|-20000:B|C|A
STATE:239:r17465fc/cc/cr18934c/cc:7d3c|Jc2d|6h5s/8d5hTd/3s/As:-50|-18934|18984:C|A|B
STATE:240:r9338cc/ccr15893cr20000cf//:Td9h|6sJc|AdKs/JhQh3s/Qs/3h:-15893|35893|-20000:A|B|C
STATE:241:r201cr7221r15665cc/r16991cr19832r20000cc//:Th8c|JhAd|7s3c/Qs3h6d/6s/Td:40000|-20000|-20000:B|C|A
STATE:242:r10793cc/r11748r14220r19023r20000cc//:7d5h|3sTc|8c6c/Td9h8s/Qd/7c:-20000|-20000|40000:C|A|B
STATE:243:r17546cr20000cc///:8c8h|QhQc|KhTs/Td2c5h/8s/4s:40000|-20000|-20000:A|B|C
STATE:244:r6596r18061r20000cc///:AcTs|6sJs|As4c/6h3h7s/9s/Kc:-20000|40000|-20000:B|C|A
STATE:245:cr14594r20000cc///:8c5c|Qd5d|9cTc/8s3h4c/9h/6d:-20000|-20000|40000:C|A|B
STATE:246:r10586cc/ccc/cr19426r20000cc/:Ks8s|5cTc|As6s/4d7hQc/6c/9d:-20000|-20000|40000:A|B|C
STATE:247:r18477r20000cc///:9sTd|6d7c|JdJc/7sTc5s/9h/Qs:40000|-20000|-20000:B|C|A
STATE:248:r12465r20000cc///:6hKc|4cQd|5sJc/KsQsQh/5d/Kd:40000|-20000|-20000:C|A|B
STATE:249:r16782cc/r18672cc/r19141cr19916fr20000c/:7hQd|2sAh|2h9d/9sKcKh/6d/Ad:-19141|39141|-20000:A|B|C
STATE:250:cr17767r20000cc///:Td6s|Js9c|Jc5h/Qh5dKd/Qd/8c:-20000|-20000|40000:B|C|A
STATE:251:r17120cr20000fc///:3sAh|4c2d|3c3d/7h2h6s/As/6c:37120|-20000|-17120:C|A|B
STATE:252:cr10457r20000cc///:Th2h|Ac5d|Qs8c/KhAd9c/2s/6s:-20000|40000|-20000:A|B|C
STATE:253:ccr18884r20000fc///:Th7s|4sQd|Ac5c/Jh4d7c/3c/7d:-100|20100|-20000:B|C|A
STATE:254:r13019r20000cc///:7cQc|Qd8d|AdQh/8c3d4s/9d/Kc:-20000|40000|-20000:C|A|B
STATE:255:r1447r10861r20000fc///:Ac2d|Ad5d|4h8c/2h7sJc/5s/Ks:-20000|21447|-1447:A|B|C
STATE:256:cr8573cc/cr19562r20000cc//:8cAs|5s6c|AdQd/2c5h4c/3c/6s:0|0|0:B|C|A
STATE:257:r13334r20000cf///:2dAs|2c5c|7h6s/4s6c3s/Qc/5h:6667|6667|-13334:C|A|B
STATE:258:r6380cc/r19947cr20000cc//:Jh6c|7sQh|JsTd/9h2dQc/8d/Ad:-20000|-20000|40000:A|B|C
STATE:259:r14962r20000cc///:Kh4s|5cQs|4dKs/4c7sTd/Jd/6s:10000|-20000|10000:B|C|A
STATE:260:cr12043cr20000cc///:Ah6h|7dKh|Th8s/Td8d3s/9c/4d:-20000|-20000|40000:C|A|B
STATE:261:r19357r20000cf///:QdKd|9s8h|6hKc/5s3c6c/2h/Ks:39357|-20000|-19357:A|B|C
STATE:262:r10054fc/cr10425c/cc/cr19534r20000c:JsQd|Jd3h|KhJc/8sAhQh/5c/9c:-50|-20000|20050:B|C|A
STATE:263:cr14248cc/r16735r19934cc/r20000fc/:8dAh|3sQs|3c9s/Ac9c8s/5s/Jh:39934|-19934|-20000:C|A|B
STATE:264:r15685cr20000cc///:2hTc|2s2c|8c4d/KsKhJd/Qh/3h:-20000|40000|-20000:A|B|C
STATE:265:ccc/r19560fr20000c//:AdTh|2c8d|QdJc/9sAs5c/9d/Js:20100|-100|-20000:B|C|A
STATE:266:cr10550cc/ccc/r13508r18031r20000cc/:8d4c|Qc8s|Qh5s/8c4d7s/6s/Kd:-20000|-20000|40000:C|A|B
STATE:267:r4853r12993r20000cc///:Qs4d|3s9c|2s5c/JhJd2c/Ah/Kh:-20000|-20000|40000:A|B|C
STATE:268:r1931cc/cr14266r20000cf//:2h6h|6d5d|8cQs/3s5sTc/Ad/Th:-20000|-14266|34266:B|C|A
STATE:269:ccc/ccr10665r20000cf//:Ks3h|7c9d|QhTd/8sKc4s/Qs/4d:30665|-20000|-10665:C|A|B
STATE:270:r5377r17054cr20000fc///:AsQd|7c3s|8d7h/6c3hQs/9d/2s:-17054|37054|-20000:A|B|C
STATE:271:ccc/cr14883cc/ccc/cr18910cc:9sQs|2sQd|5cJh/9c7sTs/Qc/Ks:37820|-18910|-18910:B|C|A
STATE:272:r15189cc/ccr15991cr17832cc/r18184cr19333r20000cc/:8d6h|As3h|2sJs/3d6dTd/Qc/5h:40000|-20000|-20000:C|A|B
STATE:273:ccr11669cc/cr12427fc/cr13170r17213c/r18739c:4hAh|2hKs|3s7c/9h8c3d/Js/2d:-18739|30408|-11669:A|B|C
STATE:274:r16378r20000cc///:Ah8c|4s7h|QhQd/6c9c3s/3c/7s:-20000|-20000|40000:B|C|A
STATE:275:cr15615cc/ccr16738r18269cr19983cc/ccr20000cc/:2dJd|9d2h|4dQs/3d3h9h/Jh/Js:40000|-20000|-20000:C|A|B
STATE:276:cr16446cc/r19602r20000cc//:Jc9h|KsAc|9cAd/4h8h9d/2c/4c:-20000|-20000|40000:A|B|C
STATE:277:ccc/r7869cr15851r20000cc//:Ts2d|8d6h|5sJh/2h7s5h/4s/6s:-20000|40000|-20000:B|C|A
STATE:278:r17229r20000cf///:QcJh|9h3c|9s6d/Qh2dAd/4h/4s:37229|-20000|-17229:C|A|B
STATE:279:r18568r20000fc///:7dQh|8s9s|Qs9c/4dJh6c/Kc/4c:50|-100|50:A|B|C
STATE:280:ccc/r6145r13948cr20000cc//:4s2s|Kc3s|Ac7h/3hKd7c/7s/6s:-20000|-20000|40000:B|C|A
STATE:281:r19115cc/ccr19544cr19994cc/r20000fc/:7hTc|4dJc|4sTd/2c9cTh/Qh/3c:39994|-19994|-20000:C|A|B
STATE:282:ccc/cr604cr12017r20000cc//:8d7d|QcKd|6sAc/8sAs2c/5s/9h:-20000|-20000|40000:A|B|C
STATE:283:cr14566r20000cf///:6cTh|TsTc|9c5c/Kh6s5s/3h/5h:-14566|-20000|34566:B|C|A
STATE:284:r3511r16999cr20000cf///:8c2h|3h2c|6h7c/Qc8dTd/7s/Jh:36999|-16999|-20000:C|A|B
STATE:285:r7618cc/ccc/r8143r17233r20000cf/:AcQd|6d6s|8c7d/2d8s8d/Kc/Qc:-20000|-17233|37233:A|B|C
STATE:286:r13453r20000cc///:5s6d|4dQh|Qc6c/Ac7d8d/Ks/Ad:-20000|10000|10000:B|C|A
STATE:287:cr13325cr20000cc///:4s6s|7s3d|KsAd/AsQhQc/8h/Ah:-20000|-20000|40000:C|A|B
STATE:288:cr222cc/r3680cc/r13621cc/cr14775cc:3h6s|5sAc|8hAs/2dJsQh/9d/6h:29550|-14775|-14775:A|B|C
STATE:289:ccc/cr5166r16865cc/r18309cr19897r20000cc/:8hAs|JcJh|6s8d/3h9cTh/5s/2d:-20000|40000|-20000:B|C|A
STATE:290:r9800r19735cc/ccc/r19977r20000cc/:7d4h|Tc9c|3h6s/2sAd3s/8c/2c:-20000|-20000|40000:C|A|B
STATE:291:r19063r20000cc///:8cQh|Ad6d|8dJc/3d4h5c/9c/Ac:-20000|40000|-20000:A|B|C
STATE:292:r1247cr7113cr17932fr20000c///:7c2s|Qc2h|3sTd/QhQd4s/6h/4c:-20000|-7113|27113:B|C|A
STATE:293:ccc/r2089cr12076cf/r14212c/r17249c:5cJh|6d9h|Tc4c/Th2sAh/4h/6c:-17249|-2089|19338:C|A|B
STATE:294:ccr18784r20000cc///:9d7h|JsKh|8s5h/QcTd5c/6s/7d:40000|-20000|-20000:A|B|C
STATE:295:cr687cc/ccr3623cc/r16683cc/r16796r18862cc:Tc5d|9h2c|Jd3d/8cKcTd/6h/8h:37724|-18862|-18862:B|C|A
STATE:296:r9790r19481r20000cc///:2d8s|4c8h|7s3h/Ks7d9c/2c/9s:-20000|-20000|40000:C|A|B
STATE:297:r16785r20000cc///:Td2h|9d3h|5cJs/AhTc9c/7h/Jd:-20000|-20000|40000:A|B|C
STATE:298:cfr5952c/cc/r14771r20000c/:5d6d|9s4c|QsKh/Jd3hQc/5c/3d:-50|-20000|20050:B|C|A
STATE:299:cfc/r3277r11452c/r14589c/r15887r19872r20000c:TdAd|8h3d|AcJs/Th4dKd/Ah/Qh:-50|-20000|20050:C|A|B
STATE:300:r3631fr12574c/cc/cc/r15210c:6d9s|Jc8s|8cAh/JdQdTc/Ks/9d:-50|-15210|15260:A|B|C
STATE:301:r8481cc/r19772r20000cc//:KcQh|6d7d|2h6c/Ad5s7s/Qc/5h:40000|-20000|-20000:B|C|A
STATE:302:r10061cc/cr10273cr17762cc/r18945fc/cr19182c:KsQc|5hKc|2dTd/4h3s2c/9c/8h:-19182|-17762|36944:C|A|B
STATE:303:ccc/r4844r11441r18661cr20000fc//:JdJc|QcAh|2cTh/8h6cAc/3s/Qs:-20000|38661|-18661:A|B|C
STATE:304:r5161cc/r11503r18003r20000cf//:7d7c|Tc6s|Ks8c/9d6hAs/8h/7s:38003|-18003|-20000:B|C|A
STATE:305:r5911r14363r20000cc///:2h2c|8s7h|4dAh/6hQd2d/8d/3c:40000|-20000|-20000:C|A|B
STATE:306:r4567cf/r18884f:As7h|8dAh|6dTh/TcJcQc:4667|-100|-4567:A|B|C
STATE:307:r14335r20000cc///:4sJh|9s3s|5d8s/Kd8d3c/9d/Jd:-20000|-20000|40000:B|C|A
STATE:308:cr17435r20000cc///:Qh4d|6cJs|QdAc/Ts9s4s/6d/7c:-20000|40000|-20000:C|A|B
STATE:309:r16860r20000cc///:Th9h|Tc7s|5s4h/Jd5c8c/4c/7d:40000|-20000|-20000:A|B|C
STATE:310:ccr12960r20000cc///:TdTs|9hJc|4s7s/2h9c9s/8s/Tc:40000|-20000|-20000:B|C|A
STATE:311:ccr10618r20000cc///:KcKh|QdKd|2dAs/8s5hTd/Ad/Th:-20000|-20000|40000:C|A|B
STATE:312:ccr18968r20000cc///:5hJc|3sAh|As7d/2h9h4s/2d/7c:-20000|-20000|40000:A|B|C
STATE:313:cr5242cc/r18896r20000fc//:Ks6s|4d5d|5c2s/Qd7hAc/5h/Qc:-20000|25242|-5242:B|C|A
STATE:314:cr1489r6907r14171r20000cc///:9hKh|4cJc|AcTh/5hKd3h/Ah/As:40000|-20000|-20000:C|A|B
STATE:315:r7382r14795cc/ccc/cr15885cr18116fr20000c/:3h2c|9sAs|Td4s/Kh8d4d/2h/Kd:-20000|-15885|35885:A|B|C
STATE:316:r11904cr20000cc///:Kc5h|Th8d|9sTd/7d9hKs/2d/4c:40000|-20000|-20000:B|C|A
STATE:317:cr16671cc/ccc/r18403cr20000cc/:Ad9h|9s6s|5dAh/8dKh7h/6h/Ks:-20000|40000|-20000:C|A|B
STATE:318:ccr7189cr14813cc/r16870r19949cr20000cc//:4d9c|Qd8h|5h3c/Jd9hTh/5c/3h:-20000|40000|-20000:A|B|C
STATE:319:r10211r20000fc///:9h7c|ThKc|6cJc/Ah7d3s/Jh/Tc:-20000|-100|20100:B|C|A
STATE:320:cr18998cc/r19186r19715r20000cc//:6d5s|Qd3c|2d4h/9s7c4s/3h/9d:40000|-20000|-20000:C|A|B
STATE:321:ccr19260r20000cc///:Qh6d|6sKs|Kc8s/9s3hAs/Js/5d:-20000|40000|-20000:A|B|C
STATE:322:cr9583r19801fr20000c///:2sTc|8h3s|6h8d/KsJhQh/Jd/7s:20100|-20000|-100:B|C|A
STATE:323:cr7025fc/cr15230c/cr18506r20000c/:8d9c|8s6h|8cQc/8h2h7h/Jc/6c:-20000|-100|20100:C|A|B
STATE:324:r18920cf/r19804r20000c//:3hJs|Kh2d|Qd7s/7d4s9h/Ah/6d:-20000|-100|20100:A|B|C
STATE:325:cr4808cr17834r20000cc///:9s8s|Jc5c|Th8d/TcAc9c/3d/Qh:-20000|40000|-20000:B|C|A
STATE:326:r17962fr20000c///:4cQc|4d8c|7s8d/Jd5d8s/Jh/Ks:-50|25|25:C|A|B
STATE:327:r3951r14319r20000cc///:9dKc|6d2d|8cJs/5d4hJd/5s/Td:-20000|40000|-20000:A|B|C
STATE:328:cr619cc/r9098r17685r20000cc//:Ks5c|4h8c|7hAh/TdJhAd/Js/4c:-20000|-20000|40000:B|C|A
STATE:329:fr8957r18921c/cc/r19086c/r19422c:9c9s|4cJc|8c2d/KdTc3d/Jh/8h:-19422|19422|0:C|A|B
STATE:330:cr13818r20000cc///:6h3c|QdTc|8s4s/5dKdTh/5h/2h:-20000|40000|-20000:A|B|C
STATE:331:r7808r17354r20000cf///:Th7d|JcQh|5s4s/3h6h5c/Ah/6d:-17354|-20000|37354:B|C|A
STATE:332:r13325r20000fc///:3cAc|8d2s|JhJs/7cAd4s/Qd/8h:20100|-100|-20000:C|A|B
STATE:333:fr5877r15958c/r17997c/cc/r18894r19934c:3d8h|4sAh|TdQs/4cAc7d/2d/5d:19934|-19934|0:A|B|C
STATE:334:r6555r18255cr20000cc///:7h4d|Ac9c|3s6c/6sTs5h/4s/As:-20000|-20000|40000:B|C|A
STATE:335:r7359cr18360cc/ccc/r19899r20000cc/:7h8c|5c6c|ThJc/8sTs7c/3d/4h:-20000|40000|-20000:C|A|B
STATE:336:fcr6418r14192r20000c///:JsQs|8cKh|Qc5c/7c9hQd/Ah/Kd:-20000|20000|0:A|B|C
STATE:337:ccc/r18078cr20000cc//:Js7h|7c7d|4hAs/5d6hJh/6s/9h:40000|-20000|-20000:B|C|A
STATE:338:ccr17006r20000cc///:Ts3c|6d2c|7h4d/5c7sQc/7c/5h:-20000|-20000|40000:C|A|B
STATE:339:cr3217r11674r20000cc///:8hTh|Ad3c|2d8d/Qh9d4s/5c/Ks:-20000|40000|-20000:A|B|C
STATE:340:cr16224r20000cc///:4sKs|Qd9d|4dTd/KhAs9c/7h/3d:40000|-20000|-20000:B|C|A
STATE:341:cfr1342r14500c/r18830c/r19316f:3s2c|4d2s|Jc4h/5d9sKh/8c:-50|18880|-18830:C|A|B
STATE:342:cr10337r20000cc///:8hQd|3c6h|JsTs/6dKcAc/7d/8c:40000|-20000|-20000:A|B|C
STATE:343:ccr4276cr17671cr20000cc///:5d4s|JdQs|9h6d/5hAh8c/Ks/Js:-20000|40000|-20000:B|C|A
STATE:344:r1798cc/r10835cc/r17278cr20000cc/:8h8c|4sKh|KcQc/AdKs8d/4h/4c:40000|-20000|-20000:C|A|B
STATE:345:ccc/r1123r16746r20000cc//:2hQs|5cAd|7h7s/2c6dKc/2s/3c:40000|-20000|-20000:A|B|C
STATE:346:r7862r15624r20000cc///:Js8c|6s8d|Kc6h/AsAd7h/9s/Kh:-20000|-20000|40000:B|C|A
STATE:347:r6459fc/cr6854r17867c/r18958c/r19456c:Th3h|JdTs|9c8s/Qh4cJs/Ks/6c:-50|19506|-19456:C|A|B
STATE:348:r2927cc/ccr14298r20000cc//:8c3s|JcAd|Td9h/7s8dTs/6h/4d:-20000|-20000|40000:A|B|C
STATE:349:ccc/ccr15769r20000cc//:Ts6c|7c7h|TdQd/KhJs5d/Tc/4s:-20000|-20000|40000:B|C|A
STATE:350:r15815r20000cc///:5sTh|3cQc|8cKh/9s6cTc/Qd/5d:40000|-20000|-20000:C|A|B
STATE:351:r15154cc/r17181cr19321r20000cc//:3s8c|9c5d|5s4d/7sTc2h/Kh/2s:-20000|40000|-20000:A|B|C
STATE:352:cr15795cc/r17708r19790fc/r19997r20000c/:8c9s|6sTc|7dTs/Jh4hKh/As/7s:-20000|35795|-15795:B|C|A
STATE:353:ccr5704r17731cr20000fc///:3hTc|3cTh|9d8c/2s5s6d/Jh/Jd:8865.5|8865.5|-17731:C|A|B
STATE:354:cr3360r16896cr20000fc///:QhJd|9s3s|7s9h/Jc3d6h/Ah/2s:36896|-16896|-20000:A|B|C
STATE:355:ccr17596r20000fc///:6hAs|6s4c|9c3s/5dKc7s/4h/Jd:-100|20100|-20000:B|C|A
STATE:356:r18912cc/r19593fr20000c//:3sQd|JsQh|TdKs/4c3c8s/Ts/Kh:-20000|-18912|38912:C|A|B
STATE:357:cr11615cc/r16078cf/r19389c/cc:8d3s|5h2s|7cJh/6c7hAs/Td/Kd:31004|-19389|-11615:A|B|C
STATE:358:r3010r11028cf/r16753r20000c//:9h5s|Tc6d|6h5c/Kc6cAc/4h/Kh:-20000|23010|-3010:B|C|A
STATE:359:cfc/r12984c/r13399r16080r18843c/cr19975c:AdKh|Ks2h|QhTd/As6s8h/Ah/4s:-50|20025|-19975:C|A|B
STATE:360:ccc/cr7488cc/r13551r19697r20000cc/:Jd8d|8c3h|QhJs/2dTd6d/Qd/Qc:40000|-20000|-20000:A|B|C
STATE:361:ccr14498r20000cc///:2h5h|8h8c|9h6s/2s5s6h/3s/Kd:40000|-20000|-20000:B|C|A
STATE:362:cr1127r12111cf/cr19705c/cr19992r20000c/:KcKh|JsTd|2s2c/5h9s5c/9h/3h:-1127|21127|-20000:C|A|B
STATE:363:r16200cf/cr18787c/r19582c/r19874c:9d6s|3sKd|7c2s/Tc9cKc/Js/3c:-19874|-100|19974:A|B|C
STATE:364:r12281cf/r12470c/cr19811r20000c/:4s3d|2d3c|7s8d/8c7dQs/Th/6h:-20000|-100|20100:B|C|A
STATE:365:ccr19106cr20000cc///:AsTh|3cAc|Kh4h/8cAh9s/2c/2h:40000|-20000|-20000:C|A|B
STATE:366:r1858r19570cc/r19944cc/r20000cc/:5cKh|5dKd|3h2c/3dTd2d/3c/3s:-20000|-20000|40000:A|B|C
STATE:367:r11177r20000cc///:5h8c|2dAs|Kh8s/TdAh6s/4s/7h:40000|-20000|-20000:B|C|A
STATE:368:cr18224cc/r18971r19809r20000fc//:8h3h|2c8c|8s9s/4s7c3c/9d/Ah:-18971|-20000|38971:C|A|B
STATE:369:r7281r14737r20000cc///:Th5h|6dKs|9hAc/4d9c9s/Ts/2c:-20000|-20000|40000:A|B|C
STATE:370:r4814r17762cr20000cc///:QcTd|KcAs|8dAd/5d3h7c/2d/Js:-20000|40000|-20000:B|C|A
STATE:371:fr10974c/r19806c/r19967c/r20000c:5dQd|Ah6h|7h2d/3d4d5s/Qc/2h:-20000|20000|0:C|A|B
STATE:372:ccc/r2368fr7846r18481c/r19613r20000c/:9hAc|4c8s|Qh9s/2d5sAs/6d/9c:20100|-100|-20000:A|B|C
STATE:373:cr12434r20000cc///:Ks3h|3d5c|9s8s/8c4sQh/Jh/Jc:-20000|-20000|40000:B|C|A
STATE:374:ccr6112r14839r20000cc///:7cAh|Ks5s|TcTd/2s2d6s/2h/Ts:-20000|-20000|40000:C|A|B
STATE:375:ccr11145r20000cc///:Ts7h|6cQd|4d7s/2d3cJs/Ac/4h:-20000|-20000|40000:A|B|C
STATE:376:ccr17284r20000cc///:7s8h|KdAc|JcTs/QhQsKc/Ks/5h:-20000|40000|-20000:B|C|A
STATE:377:r13934r20000cc///:6sAh|5hAd|9s2d/KcJs5s/Qc/As:-20000|40000|-20000:C|A|B
STATE:378:fr18718c/cr19062c/r19297r19626c/r19760r19927r20000c:7sJc|4h2s|2hQs/5h2c7d/Js/5c:20000|-20000|0:A|B|C
STATE:379:fr3408c/r19641r20000c//:7h9c|As6d|JhTh/8h3h2c/Js/6c:-20000|20000|0:B|C|A
STATE:380:ccc/cr12052r20000cc//:4cTd|7dKd|4hQh/Js6c8h/8c/Ks:-20000|40000|-20000:C|A|B
STATE:381:r1526r12340cc/cr12938r18391r20000cc//:9s2d|Kc5s|8c4c/7d5cJs/8s/7h:-20000|-20000|40000:A|B|C
STATE:382:ccr14853r20000cc///:Kc8s|5d4c|Th2d/2cJs3h/Tc/Qh:-20000|-20000|40000:B|C|A
STATE:383:ccr18213r20000cf///:8s2c|4s9d|AsKs/2h7sQh/4h/Ts:38213|-18213|-20000:C|A|B
STATE:384:ccr11900r20000cc///:TdAh|2h8s|9hQc/4s6d3h/4h/8d:-20000|40000|-20000:A|B|C
STATE:385:r11841r20000ff:8s3c|Kc9c|JsJc:11941|-100|-11841:B|C|A
STATE:386:fcr16004c/cc/r18300c/r18797r19629f:3s3d|5hKh|Jh4s/Tc7d2c/6s/6h:-18797|18797|0:C|A|B
STATE:387:r11374r20000cc///:4sKd|4d5c|8s5s/9dAhQs/Jc/8h:-20000|-20000|40000:A|B|C
STATE:388:r8173r17175r20000cc///:2sAd|Qs2c|7sKd/5h3dJd/Qd/9h:-20000|40000|-20000:B|C|A
STATE:389:ccr18511cc/ccc/ccr19852r20000cc/:TsJc|3s8d|5cTc/TdAh8s/9c/7c:40000|-20000|-20000:C|A|B
STATE:390:ccr632r19244cr20000ff:JsTd|8s6d|5sKs:-19244|38488|-19244:A|B|C
STATE:391:r13765r20000fc///:6dAc|KcAh|7dQc/2d7cKs/6c/4s:-20000|-100|20100:B|C|A
STATE:392:ccr13003cr20000fc///:Th8c|Qh7h|AhQd/5sAd9h/Ac/9c:-20000|-13003|33003:C|A|B
STATE:393:cr11656cc/cr14926cf/r17959c/cr19826c:2d8d|Ah5h|AdQs/JsKh7h/8h/3h:-11656|31482|-19826:A|B|C
STATE:394:fr12385c/cr16357c/r19734r20000c/:2dAd|Kc9c|7c8d/6s7sAc/8h/4d:20000|-20000|0:B|C|A
STATE:395:r2226cr16415fr20000c///:KdQh|AdTs|Td3d/2c5dJd/8h/Qs:22226|-20000|-2226:C|A|B
STATE:396:ccc/r10764r20000cc//:5cQh|QsTc|4s7h/Td4c2h/Ad/9s:-20000|40000|-20000:A|B|C
STATE:397:r1761r18527cr20000cc///:6s7h|As7d|Kc6d/2h6h8c/7s/Ts:40000|-20000|-20000:B|C|A
STATE:398:cr8245r17744r20000cc///:7dJc|3c5h|3dKh/Js2d2h/3s/Kc:-20000|-20000|40000:C|A|B
STATE:399:cr17703r20000cc///:5c4h|Qh5h|Tc2h/6sKh2d/6h/3s:40000|-20000|-20000:A|B|C
STATE:400:cr1884cr17413cc/cr18153cr19690r20000cc//:8c4c|5c3d|AsJs/Jh3s7h/9d/4d:-20000|-20000|40000:B|C|A
STATE:401:ccr10994r20000cc///:TcKc|9hKs|JsKd/Qs3sJh/4h/7h:-20000|-20000|40000:C|A|B
STATE:402:ccr19483cc/r19885r20000cc//:6sAs|QhJd|QsTs/8c4h4c/Jh/Td:-20000|40000|-20000:A|B|C
STATE:403:cr8492cc/r19317cr20000cc//:4dTs|Ks3h|3sAd/Th8sKd/8c/6s:-20000|40000|-20000:B|C|A
STATE:404:r9726cr19878cr20000cf///:Jd5s|9h8s|TsQs/6d8c9c/5c/3s:-20000|39878|-19878:C|A|B
STATE:405:cfr18872c/cc/r19475r20000c/:Ac6h|7c2c|KcAd/3c6s4c/4d/2d:-50|20050|-20000:A|B|C
STATE:406:cr231cr9970r19921cr20000fc///:AhKd|4hAd|8sJc/QdTh3h/8d/Ac:-19921|39921|-20000:B|C|A
STATE:407:r6754cr17423r20000cc///:3h7d|Qh7s|2d6h/4sJs2s/5s/4c:-20000|40000|-20000:C|A|B
STATE:408:r10671r20000cc///:Qc6d|8h9s|7hQd/3hKsJc/9d/5h:-20000|40000|-20000:A|B|C
STATE:409:r5506r14660cc/r19033r20000cc//:Ts3c|Jh7s|Tc8s/Th3h5c/3s/Td:10000|-20000|10000:B|C|A
STATE:410:cr12714r20000cc///:7c3d|8s2c|Qd5c/8cTdTh/Ah/4c:-20000|40000|-20000:C|A|B
STATE:411:cr10330cr20000cc///:5d4s|JcQc|8h7s/Ks2sTs/6d/Ah:-20000|40000|-20000:A|B|C
STATE:412:r499r8600cc/cr15785cr20000cc//:6cJs|9s2h|KdTd/QdAhAs/3s/Jc:-20000|-20000|40000:B|C|A
STATE:413:r3654r16809fr20000c///:8c6h|5cAs|7h2c/Qh4c7s/3c/8h:20100|-100|-20000:C|A|B
STATE:414:r10973r20000cc///:9h6s|QcAc|AsJc/2c9dKc/Td/3d:40000|-20000|-20000:A|B|C
STATE:415:r19355cc/ccc/r19740cc/r19940cc:8h7h|8c5h|Jd3s/Kh8d6d/3h/Ks:39880|-19940|-19940:B|C|A
STATE:416:ccr16357r20000cc///:4h3c|7d7c|9d3s/AsQhTh/4c/Ac:-20000|40000|-20000:C|A|B
STATE:417:cr19717cr20000cc///:5c5h|7sJc|Qd5d/3h3sAh/4d/Ac:40000|-20000|-20000:A|B|C
STATE:418:ccc/r15693cc/r18851r20000cc/:5dJd|8sQd|6cTs/QhTh7c/Td/Qc:-20000|40000|-20000:B|C|A
STATE:419:r2096cr16697cc/ccc/ccr18670r20000cc/:Js7h|2c3s|7d3d/4hKcJh/Kh/Tc:40000|-20000|-20000:C|A|B
STATE:420:r19632cc/cr19828r20000cc//:9h3d|TcAc|3h4c/9s6sTd/Kh/7s:-20000|40000|-20000:A|B|C
STATE:421:r6001r16440cc/r19271cr20000cc//:6s8s|5d8d|3s2h/JcQd8h/7s/3c:10000|10000|-20000:B|C|A
STATE:422:ccr15457cr20000cc///:ThJs|Ad3s|AsKd/Qc9h2h/6s/Jd:40000|-20000|-20000:C|A|B
STATE:423:cr7099cc/cr13688r20000cc//:Kd3h|8sKc|Ah4c/3dJcTh/2d/Ts:40000|-20000|-20000:A|B|C
STATE:424:cr3371cc/ccc/r14679cc/ccc:7d3h|4dAc|3c8d/3dKc4c/6h/2c:-14679|29358|-14679:B|C|A
STATE:425:r2276cr13336cc/cr18756cc/cr19684r20000cc/:8c6s|2sQh|7d4s/Jd9d2h/9s/5c:-20000|40000|-20000:C|A|B
STATE:426:cfc/cc/r17626c/cc:6hTs|7h4d|As2s/Qd9d8d/9h/Qc:-50|-17626|17676:A|B|C
STATE:427:r17358r20000cc///:8s8c|3cAc|Jh4h/JcKc7d/6d/8h:40000|-20000|-20000:B|C|A
STATE:428:ccc/cr19796r20000cc//:JsQc|Qh2d|4d2h/ThTcJc/8s/7s:40000|-20000|-20000:C|A|B
STATE:429:ccc/ccc/cr767r17026cc/cr19281r20000cc:9sKd|Td2c|8c9d/4d6dTh/5d/Jh:-20000|40000|-20000:A|B|C
STATE:430:r5547r11347r18091cf/cr18893c/r19700r20000c/:9dQc|Qs5s|4dTd/7s4c5h/Kd/5c:-11347|31347|-20000:B|C|A
STATE:431:cfr11586f:9dJc|4dKs|Jh2d:-50|150|-100:C|A|B
STATE:432:cfr1245c/cr18444c/cr19759f:8h3d|4s5c|Td3s/QsKsTs/7d:-50|-18444|18494:A|B|C
STATE:433:r2974r18591r20000fc///:2h5s|Js4s|Jc5d/KhAcKd/7d/Ks:-20000|22974|-2974:B|C|A
STATE:434:r5894cr15532cr20000cc///:7d4c|3h3s|2s6d/6hJh2d/Kh/6c:-20000|-20000|40000:C|A|B
STATE:435:r878fc/cr7290c/r9253r17902r20000c/:Jc4d|AhQc|Tc5c/AsJd7c/7h/Kc:-50|20050|-20000:A|B|C
STATE:436:cr339cc/r10502cf/cc/r15711r20000c:3cKd|6dKs|JsJh/2s8sTh/9s/9h:169.5|169.5|-339:B|C|A
STATE:437:ccc/r18097r20000fc//:3sTc|Qs7d|9h2s/6sAd3d/2h/Qh:-20000|20100|-100:C|A|B
STATE:438:ccc/r3083r9997cr19548r20000cc//:Ks4c|8c4d|6d8s/7d5dKc/Qd/7c:40000|-20000|-20000:A|B|C
STATE:439:cfc/r2226c/cr19699c/cr19834r19997f:Ac4h|Jh8c|2c5c/6c6d7s/7d/8s:-50|19884|-19834:B|C|A
STATE:440:cr18043r20000cf///:Ah7h|9s4c|Ts9h/6c7s8s/Qh/Ad:-18043|-20000|38043:C|A|B
STATE:441:r18941r20000cc///:4c5s|7h8d|9s9h/8c7cJh/3d/8s:-20000|40000|-20000:A|B|C
STATE:442:ccc/r2970cr16243r20000cc//:8h3c|Kd2h|Ac5h/QsKh9h/Ts/4h:-20000|40000|-20000:B|C|A
STATE:443:r9570cr19561r20000fc///:6d9c|Ac7c|8sJd/8h9h6h/Qd/8c:-9570|-20000|29570:C|A|B
STATE:444:cr5511r14367cr20000cc///:Ks5h|Td3s|7h2d/6c8c6d/2h/Ts:-20000|40000|-20000:A|B|C
STATE:445:cr9870r19784cr20000cc///:Ks7s|9h3d|AcQh/9s5h8s/4d/Qs:40000|-20000|-20000:B|C|A
STATE:446:r10122cc/cr18147fr20000c//:4dKc|3dAs|7cQh/9d6c2c/8h/Jd:-20000|30122|-10122:C|A|B
STATE:447:ccr13793r20000cc///:2dJh|Td5s|5d2s/7c3cKc/Qh/4c:40000|-20000|-20000:A|B|C
STATE:448:cr16502r20000fc///:2dAd|9h3d|3c4d/9cQd6h/Jc/As:20100|-20000|-100:B|C|A
STATE:449:ccc/r14096cr20000cc//:9sAh|As7s|Ks5c/2d7cKc/8d/3d:-20000|-20000|40000:C|A|B
STATE:450:ccc/cr3593r18728cr20000cc//:4cJd|QdAd|Td4s/9sJh8s/9h/7s:-20000|-20000|40000:A|B|C
STATE:451:fcr19167r20000c///:7d6d|As4c|8h2h/Qh9d2c/Ad/Kd:20000|-20000|0:B|C|A
STATE:452:ccc/cr5595cr19983r20000cc//:ThKs|5d4s|Kd7h/5h2sKc/3h/9h:40000|-20000|-20000:C|A|B
STATE:453:r11222cc/r15661cc/r19209r20000cc/:7sQc|8dQh|Jd4d/AsAcTs/7c/7d:40000|-20000|-20000:A|B|C
STATE:454:fcc/cr5844r17990r20000c//:4dJh|KhJc|8s9h/9c6cJs/Qd/Kd:-20000|20000|0:B|C|A
STATE:455:cr12149r20000cc///:Qd2d|Kd7c|6d7h/6h7d2c/4h/Qh:40000|-20000|-20000:C|A|B
STATE:456:fr11709r20000f:3sAc|5d5h|KcTd:-11709|11709|0:A|B|C
STATE:457:ccr10492r20000cc///:8sKd|2hAd|3h2d/4d9s6s/2s/7d:-20000|40000|-20000:B|C|A
STATE:458:r14289cc/r18824cc/cr18939r19213r19995r20000cc/:4sQc|ThJs|3c6c/9c5h9d/8d/5c:40000|-20000|-20000:C|A|B
STATE:459:cr13621r20000cc///:2dTh|2sTs|Kh5d/Tc7d7c/Jh/Jc:10000|10000|-20000:A|B|C
STATE:460:r11286r20000fc///:Qs6c|7d7c|Js8h/6h4dKc/Jh/Qc:20100|-100|-20000:B|C|A
STATE:461:r11148r20000cc///:2h9c|7d5c|Js6h/8s2dAs/4c/6s:-20000|40000|-20000:C|A|B
STATE:462:ccr2288r11222r20000cc///:Js5c|7cTd|3d2s/Jh2cKc/9d/Qs:-20000|40000|-20000:A|B|C
STATE:463:cr15569cr20000cc///:4s7s|2cTs|6d2d/4cQsKs/3s/6s:-20000|40000|-20000:B|C|A
STATE:464:r13694r20000cc///:ThQc|7d9d|6sKs/8c5d5s/7h/Td:40000|-20000|-20000:C|A|B
STATE:465:cfc/r15309r20000c//:5cJd|9dAh|ThJs/Kd6d3h/Td/6s:-50|-20000|20050:A|B|C
STATE:466:fr14842c/r18710c/cc/r19009r19363r19771r20000c:Qh6c|9h8h|As3c/7dAhTh/Ac/3d:20000|-20000|0:B|C|A
STATE:467:r12153cc/r18229cf/cc/r18329r18986c:Td6h|Qc7d|7h4h/3dAh5c/4s/Ts:31139|-18986|-12153:C|A|B
STATE:468:r7483r18614r20000cc///:3dKd|8d5s|4cTc/Qd3s7h/3h/6c:40000|-20000|-20000:A|B|C
STATE:469:r18229cf/r18801r19920r20000c//:Jc4c|Jh8s|3cAd/2d2s5h/9s/6s:-20000|-100|20100:B|C|A
STATE:470:ccc/cr7227fc/r19933r20000c/:Tc8d|9h6c|5dAd/KsQd4c/Kh/7d:20100|-20000|-100:C|A|B
STATE:471:r853cr18743cr20000cc///:6d2s|9sTs|Ks4h/9h7c2c/8d/Kh:-20000|-20000|40000:A|B|C
STATE:472:ccr10665r20000fc///:7s7d|7h9d|AsQs/3c2hJh/Jd/4s:-100|-20000|20100:B|C|A
STATE:473:r18618r20000ff:Js9h|5hQd|6c7h:18718|-100|-18618:C|A|B
STATE:474:cr8478r17057cr20000cc///:9c5d|8s3h|KhAc/2dTd4c/3c/Jc:-20000|40000|-20000:A|B|C
STATE:475:cr6535r19415fr20000c///:AsTh|Ad9h|6hAc/4cTs9c/6s/5d:20100|-20000|-100:B|C|A
STATE:476:ccc/r15253r20000cc//:5s6h|6d9d|9cKs/Qd7cAd/9h/6c:-20000|40000|-20000:C|A|B
STATE:477:ccr16131r20000cc///:9h3d|9c5d|As7s/2c5h2s/Tc/Jh:-20000|40000|-20000:A|B|C
STATE:478:r7797r16575r20000cc///:7d8h|9sTs|7c3h/KdKcQh/Ah/6h:-20000|40000|-20000:B|C|A
STATE:479:cr4438r10463cc/r17333r20000cc//:QhTh|7sTs|9dTc/2h2dJh/6s/As:40000|-20000|-20000:C|A|B
STATE:480:ccr203r3656cr7305cr18580r20000cc///:9cQc|2dAh|4s2h/Ac3cTh/2s/8h:-20000|40000|-20000:A|B|C
STATE:481:r13533r20000cf///:6hTs|Kc5h|Ad6s/Qd3h4h/4c/4s:-20000|33533|-13533:B|C|A
STATE:482:ccr19522r20000fc///:6hAd|5c5h|8hJs/5d8dQs/6d/4c:-100|20100|-20000:C|A|B
STATE:483:r9438cc/r16761r20000cc//:6h6s|JhQd|9cTs/5hAhTc/7d/2s:-20000|-20000|40000:A|B|C
STATE:484:ccc/ccc/cr19227r20000cc/:4hTc|3c5c|4s3s/Qh8s2c/5d/4d:-20000|40000|-20000:B|C|A
STATE:485:fcc/r16577c/r18483c/r19793c:5c9c|3h6d|6hJh/7h4c5d/Th/2c:-19793|19793|0:C|A|B
STATE:486:ccc/cr2307fr5314r19208c/r19778r20000c/:6sQs|9dJh|7sAs/Th5c5d/Qc/7c:20100|-20000|-100:A|B|C
STATE:487:cr4653fc/cr12190c/cc/r18779c:4d4h|5s3c|Kd7h/2h3h9s/5d/3d:18879|-100|-18779:B|C|A
STATE:488:ccr10736r20000cc///:As5c|2dAd|8c6s/AhAcKs/4s/5s:40000|-20000|-20000:C|A|B
STATE:489:cr3492cc/cr7685cc/ccc/cr19508cr20000cc:9cJh|6sKc|KhQh/7hJsAc/Jd/5h:40000|-20000|-20000:A|B|C
STATE:490:cr7561r15028r20000cc///:KsQd|2s2c|2d3c/5cAcAd/8c/Tc:-20000|-20000|40000:B|C|A
STATE:491:r9520fc/cr14560r19844r20000c//:8dKh|9sAs|Td3h/9d7dQs/4c/Ah:-50|20050|-20000:C|A|B
STATE:492:ccr14958r20000cc///:9cKd|6cTs|KhJc/KcTh5c/Tc/6s:-20000|40000|-20000:A|B|C
STATE:493:r15686cc/r18487cc/r18970r19821r20000cc/:Td3c|Kh9h|Kc3h/As5dTs/Ac/9c:40000|-20000|-20000:B|C|A
STATE:494:r12828cf/r13763c/r19762c/cc:6s4c|8sKd|7dKc/JhTdQs/4h/Ac:-19762|-100|19862:C|A|B
STATE:495:r12553cr20000cc///:Kh7c|5sQs|Kd6s/2c9c2d/5h/2h:-20000|40000|-20000:A|B|C
STATE:496:cr5990cc/r7369cr15862r20000cc//:7s2h|4h3s|Kc6c/JcJd4d/4s/8c:-20000|40000|-20000:B|C|A
STATE:497:cr3823cc/ccr16122r20000cc//:2c8h|3h3d|5c9h/Js4d3s/9c/Ts:-20000|40000|-20000:C|A|B
STATE:498:r10285r20000cc///:4d7h|AsTc|Qs5s/Jh4sAd/8d/9c:-20000|40000|-20000:A|B|C
STATE:499:ccr15406r20000cc///:Jc6s|Qh8s|QdTd/2h9s6d/4d/3c:40000|-20000|-20000:B|C|A
STATE:500:r15213cc/r15968r18494cc/r19071r19839r20000cc/:Qs4c|Ah2d|6c3c/9h4h7c/3s/2c:40000|-20000|-20000:C|A|B
STATE:501:r9952r19807r20000fc///:9d9h|Ks6h|4c8c/8h5d3h/Jd/5h:29952|-20000|-9952:A|B|C
STATE:502:r7024cr15297r20000cc///:6d4h|2h6h|TsQc/3cKs3d/5h/2c:40000|-20000|-20000:B|C|A
STATE:503:r18611r20000cc///:4dKh|AdAh|3dQc/5s4h8s/5h/4s:40000|-20000|-20000:C|A|B
STATE:504:r19430r20000cc///:5h6h|Th3s|5dTd/4sJcAh/5s/As:10000|-20000|10000:A|B|C
STATE:505:r6774cc/ccc/r14941r20000cc/:Js7h|2h8h|QdKc/8dQsJc/Kd/4c:-20000|-20000|40000:B|C|A
STATE:506:r15716r20000cc///:7dAd|KdAc|6d3h/5c5hTs/9h/Ks:-20000|40000|-20000:C|A|B
STATE:507:r10883cc/cr18599r20000cc//:7sJd|Kh2c|Tc5s/7cJcTs/6d/3s:40000|-20000|-20000:A|B|C
STATE:508:r5724cc/cr6813cc/r17012r20000cc/:Th2c|Jc8c|3s3h/6sAs9s/4c/Ad:-20000|-20000|40000:B|C|A
STATE:509:ccr8130cr18970cr20000cf///:5dQc|Ad5s|6c3h/2c4d8s/Js/9d:38970|-18970|-20000:C|A|B
STATE:510:fcr15807r20000c///:Th2c|8cJc|AsJh/6hQh2s/Kc/7c:20000|-20000|0:A|B|C
STATE:511:cr14978fc/r18193r20000c//:3d8c|JdTc|AdQd/3s4h5h/Th/9d:20100|-100|-20000:B|C|A
STATE:512:r11964fr20000c///:4c8s|5dKh|3h6s/6d7h4s/3d/Kc:-50|20050|-20000:C|A|B
STATE:513:r682r9532r18759r20000ff:9sAc|3cKh|Kc5s:-9532|-18759|28291:A|B|C
STATE:514:r7696cr16198cr20000cc///:Ts2d|7s2s|Ks6d/5hTc4h/Qh/8s:40000|-20000|-20000:B|C|A
STATE:515:cr1008cr12566cc/cr12883r17015r20000cc//:AhKh|5s7c|8h5c/8c5h7s/Ks/2c:-20000|-20000|40000:C|A|B
STATE:516:r2516r10412r18332cr20000cc///:6cJc|Ah4c|8c3s/Th2h4s/Qc/5h:-20000|40000|-20000:A|B|C
STATE:517:cr10291cc/ccr12072cf/cr16039r20000c/:QdQs|Td4h|7cJc/Ac9d8d/Ah/8c:30291|-10291|-20000:B|C|A
STATE:518:r11719cc/cr15797fr19934c/cc/r20000c:Td5d|QhQd|Kh4c/As8sJd/Jh/6s:-20000|31719|-11719:C|A|B
STATE:519:r4037cc/ccc/r18765r20000cf/:8hJh|4d5d|6h3d/9s4h3h/Ac/9d:-18765|38765|-20000:A|B|C
STATE:520:r12956fc/r13512c/r14669r18643c/cr19588r20000c:7cJh|Th5h|3dAs/Jd6s8s/Ts/8c:-50|20050|-20000:B|C|A
STATE:521:fcc/r16686r20000f:8d3c|3d9s|4hTc/8s3h5c:-16686|16686|0:C|A|B
STATE:522:r6856r17672fr20000c///:Ac3c|7d3s|4h6c/8d6s9s/4d/2s:-20000|-100|20100:A|B|C
STATE:523:fr3824r15354c/r16571r19563c/cc/cc:3sKs|6s3h|8d4d/KdQs8c/7c/7d:19563|-19563|0:B|C|A
STATE:524:r16280cc/cr19796cc/ccr19970r20000cc/:AsJd|3dQc|Ah7s/9h8s8h/Jh/4s:40000|-20000|-20000:C|A|B
STATE:525:r9874cr19971cc/r20000fc//:AdJd|Kd9c|Kh4s/Qs9sQh/8d/7c:39971|-19971|-20000:A|B|C
STATE:526:ccc/cr4272r12424r20000cc//:8sJs|3d9c|Kh3h/Ks6s4c/2d/8c:-20000|-20000|40000:B|C|A
STATE:527:cfc/cc/cc/r19497c:Qc8d|2cKs|3cJs/Td9d6d/2s/Jc:-50|-19497|19547:C|A|B
STATE:528:ccr2318r8640r17590r20000cc///:6c4s|5c4h|Td4c/Ac5sAs/4d/Ad:-20000|40000|-20000:A|B|C
STATE:529:ccc/cr19692cr20000cc//:5h2s|TcTh|9h3d/KsAs7h/Jc/8d:-20000|40000|-20000:B|C|A
STATE:530:r5786r19649cc/ccr19965r20000cc//:5cJs|8s2d|7h5s/Jd2hKs/6c/Kd:40000|-20000|-20000:C|A|B
STATE:531:cr14595r20000cc///:Ah5c|Kc5h|5sQs/4s7d6h/7s/8c:0|0|0:A|B|C
STATE:532:r17058r20000fc///:9dJc|4d5h|3sAs/AdJhQh/2c/Ts:-20000|-100|20100:B|C|A
STATE:533:r18745cc/r19575cr20000cf//:Tc7h|Jc8c|6cQs/6sKdQc/3h/5s:-20000|-19575|39575:C|A|B
STATE:534:fcc/cr2203c/r14829c/r17205c:Qh3c|4s7c|QsJc/2h5cQc/2s/4h:17205|-17205|0:A|B|C
STATE:535:cr3336cc/cr4295fc/cc/r6597c:4h4d|Td9d|JdJc/8c2sQd/6s/9s:-6597|9933|-3336:B|C|A
STATE:536:ccc/cr14681r20000cc//:4sJd|6s4c|8cAd/9sQhKd/Ks/Jc:40000|-20000|-20000:C|A|B
STATE:537:r19252r20000cf///:4hTs|5sTh|Kh5d/Qh6cKd/Tc/Qd:9626|9626|-19252:A|B|C
STATE:538:r2056cr4075cc/r19772r20000cc//:2dQh|3dTs|6h5s/As9h8h/Ad/Tc:-20000|40000|-20000:B|C|A
STATE:539:r12800r20000cc///:Td6c|9cKh|6h7s/JcJd2c/5h/4h:-20000|40000|-20000:C|A|B
STATE:540:r19738cr20000cc///:6sTc|4d9s|Ah2c/Kh3s3c/4h/Ad:-20000|-20000|40000:A|B|C
STATE:541:cfr13228r20000c///:As9s|AdTs|9d2h/KcTh8h/6h/4h:-50|-20000|20050:B|C|A
STATE:542:ccr1914cc/ccr19143r20000cc//:KcJc|Qc2c|7c6s/7hTdAd/9d/Ac:-20000|-20000|40000:C|A|B
STATE:543:r12753r20000cc///:5dQs|Kd8d|7sAs/8cAdTs/3d/8h:-20000|40000|-20000:A|B|C
STATE:544:fr19260r20000c///:7c6c|2h4c|Ac3d/KsJdKd/9h/Kh:0|0|0:B|C|A
STATE:545:r19542r20000cf///:6c3c|KcAd|4sJd/QhTdJs/2s/9c:-20000|39542|-19542:C|A|B
STATE:546:r8323r18006r20000fc///:5s7h|7dAc|5h3h/5dAs2h/Qs/6s:-20000|28323|-8323:A|B|C
STATE:547:cr12178r20000cc///:Kh8s|Ah7h|5sKs/4d9sTd/Jh/Th:-20000|40000|-20000:B|C|A
STATE:548:cfc/r17692r20000c//:2h3c|AsQc|9sQh/JcJh6h/3h/Qd:-50|20050|-20000:C|A|B
STATE:549:r7236cr16309cr20000cc///:KdAs|Ad3c|2s7s/9cJcTd/6h/9s:40000|-20000|-20000:A|B|C
STATE:550:cfr19720r20000c///:Td5s|4cJs|Jd7s/6h7dKc/4s/Th:-50|-20000|20050:B|C|A
STATE:551:ccc/cr1665cc/r4134r14413r20000cc/:Jc8s|5s9c|5d7c/8hTsQh/Ad/Ah:40000|-20000|-20000:C|A|B
STATE:552:cr1881cc/r6384cr13783r20000cc//:QcKd|5d5h|8d3s/7dQh7s/7h/9d:40000|-20000|-20000:A|B|C
STATE:553:cr482fc/cc/r3760c/r11080c:3dKd|8c5h|4dKs/Ts5s6d/Js/6c:50|-100|50:B|C|A
STATE:554:ccc/ccr4861r15256cc/ccr16012cf/r17115c:7c5s|Th9c|Qc2h/2dAcQh/Jh/2c:-17115|-15256|32371:C|A|B
STATE:555:r11537cc/ccr14920r18582r20000cc//:4c5c|Tc9s|Jh3s/Th7cAs/9d/8c:-20000|-20000|40000:A|B|C
STATE:556:cr16809r20000cc///:TdKh|2dAc|8sTh/TsQc9c/Kd/4h:40000|-20000|-20000:B|C|A
STATE:557:cr14380cc/ccc/r15671r18144r20000cc/:3c5c|3h9c|Tc6s/Js5h6d/8h/4c:-20000|-20000|40000:C|A|B
STATE:558:r15441r20000cc///:7c8h|7d2s|9dJh/Ks4c2c/2h/5s:-20000|40000|-20000:A|B|C
STATE:559:cr11592fr20000c///:QhTc|KhJd|2cAh/7d6c9s/8c/Ad:20100|-100|-20000:B|C|A
STATE:560:ff:JdAc|Js7h|3h3d:-50|50|0:C|A|B
STATE:561:cr7466r16842cc/cr18277cr19937cc/cr20000fc/:Th3h|Qh5d|Qc4s/9h7hTc/Jh/2c:39937|-20000|-19937:A|B|C
STATE:562:r2849r16266cr20000cf///:As7s|8h6d|4dAd/Tc6sKd/2d/5c:36266|-16266|-20000:B|C|A
STATE:563:ccr15207r20000cc///:JhQs|QdKs|2c3h/5sJs8s/5h/6s:-20000|40000|-20000:C|A|B
STATE:564:r16893r20000cc///:7d2d|6dQh|AdQd/3dTcTd/8c/4s:-20000|-20000|40000:A|B|C
STATE:565:cr1587r18802cr20000cc///:5c4h|3cQs|4cAs/8sTdKh/9c/Ts:-20000|-20000|40000:B|C|A
STATE:566:r6174cc/ccr13628cr20000fc//:6d7h|3sKc|Ts5c/8s9dKd/8h/6h:-20000|33628|-13628:C|A|B
STATE:567:ccc/r12212cc/ccc/ccc:6d5c|KsAd|Ts2h/6h5s7d/7s/Th:-12212|-12212|24424:A|B|C
STATE:568:r12680cr20000cc///:JdKh|5d4h|Qs7s/8c6dJs/8h/9s:40000|-20000|-20000:B|C|A
STATE:569:cr2610r7275cr12441r18756r20000cc///:6c7s|8d4s|Kd9s/7c7hQh/Ac/3c:40000|-20000|-20000:C|A|B
STATE:570:r574cr7235r15414r20000cc///:6dJh|Ah9d|KcJc/7h5dJs/5h/2s:-20000|-20000|40000:A|B|C
STATE:571:r18802cc/r19371r19961cr20000cc//:Th5d|JdTd|Tc3s/3c9d6d/Ad/7h:-20000|40000|-20000:B|C|A
STATE:572:r4512r13274r20000cc///:5d3s|QdTd|6d4s/5hAc9s/8s/7d:-20000|-20000|40000:C|A|B
STATE:573:r13097cr20000cc///:3sQs|6h3c|6sJc/4d4s8d/7d/2s:40000|-20000|-20000:A|B|C
STATE:574:r9769fr19456c/r19991r20000c//:9dKs|4s5h|TcAd/6dQc7d/8s/As:-50|20050|-20000:B|C|A
STATE:575:ccr9359r18644r20000cc///:6hAh|2dKc|7cKh/Td9c5h/2h/8h:40000|-20000|-20000:C|A|B
STATE:576:ccr17205cr20000cc///:3cJh|6h7d|Kh7c/Ac8dTh/6c/6s:-20000|40000|-20000:A|B|C
STATE:577:ccc/cr4626cc/ccc/ccr9799r17072r20000cc:6d9s|2dTh|7c3d/Tc6s8c/3h/Kh:-20000|40000|-20000:B|C|A
STATE:578:ccr5047cc/r7475r16362cc/cr19631cc/cr19789r19984cr20000cc:7d2s|AcTh|8d5s/3h6cQs/As/8h:-20000|40000|-20000:C|A|B
STATE:579:r3788r18601r20000cc///:Jh9d|8c2c|TcJs/AhJcTd/5d/Kh:-20000|-20000|40000:A|B|C
STATE:580:r11256cr20000cc///:Tc6d|AsJd|5h9s/6hThQs/4s/4h:40000|-20000|-20000:B|C|A
STATE:581:ccc/ccc/r7312r19085cr20000cc/:Kc6s|8h3h|8sJh/Tc9cAs/Kh/4h:40000|-20000|-20000:C|A|B
STATE:582:r8011r19351r20000cc///:8d7d|9sAd|4c5d/2h2dJc/3h/Js:-20000|40000|-20000:A|B|C
STATE:583:cr13930cr20000cc///:5sTd|Jd5d|2c9h/Ac4cQc/8d/8c:-20000|-20000|40000:B|C|A
STATE:584:r11273cf/cc/cr19317c/r19616c:3c9s|7hAh|3s9d/Js5h6c/8h/Jh:50|-100|50:C|A|B
STATE:585:r1462r16322cc/ccr17836fr19498c/cc/cr19627f:Ad3c|7h8h|4d7s/Js3h6d/Ah/7c:-16322|-19498|35820:A|B|C
STATE:586:ccc/r14003cc/ccr18298r20000cc/:3c3d|3s4c|9cJs/7c2h3h/7s/5h:40000|-20000|-20000:B|C|A
STATE:587:r1758cr18247cc/ccr19497r20000cc//:Qd7d|5c7c|3sKd/8sKc6d/9s/3d:-20000|40000|-20000:C|A|B
STATE:588:r6622r14745fr20000f:Jd8c|9c5c|2h3c:-14745|-100|14845:A|B|C
STATE:589:ccr17775r20000cc///:2hQc|8hJs|KdKc/JdAcJh/8s/4d:-20000|40000|-20000:B|C|A
STATE:590:ccc/r3567r13872cr20000fc//:5cKd|5d6s|3d9s/ThJcQs/6c/2d:33872|-13872|-20000:C|A|B
STATE:591:ccr6912cc/ccr9706cc/ccr12041cc/r19845r20000cc:8c7s|4s7h|QdTs/Ad2c8d/Qs/Jh:-20000|-20000|40000:A|B|C
STATE:592:r15168r20000cc///:7hTh|Ad9c|5hKh/JsQd7c/Tc/Ts:40000|-20000|-20000:B|C|A
STATE:593:ccc/ccr16871r20000cc//:4h2s|2cJc|3sAh/5dTcQs/2h/3d:-20000|-20000|40000:C|A|B
STATE:594:r8842r19043cr20000cc///:AhTs|3d8s|3c5h/8hAd2h/2c/Tc:40000|-20000|-20000:A|B|C
STATE:595:r12511r20000cf///:Qd8d|Qc4c|JsQs/8h5c5h/6h/Ac:32511|-20000|-12511:B|C|A
STATE:596:ccr4626cc/cr18605r20000cc//:4d5d|4sJs|5h7c/8s4c8c/9h/6c:-20000|-20000|40000:C|A|B
STATE:597:cr7924r18463fc/cr19518c/r19804c/cr19925c:9d7h|Kh9c|6cJd/Ac3h3s/Qd/4h:-19925|20025|-100:A|B|C
STATE:598:ccc/r6759cf/r19011r20000c/:8cAd|5dQh|Jh3c/9d6s9c/Kh/3s:20100|-20000|-100:B|C|A
STATE:599:r13996fc/r17249c/r17838c/cc:4dAs|3sAd|6c9c/4h7dKc/9d/Jd:-50|-17838|17888:C|A|B
STATE:600:cr4192r11729r19846cr20000cc///:4h7c|AdAs|6h7d/3s2cKd/6s/3c:-20000|40000|-20000:A|B|C
STATE:601:ccr16765r20000cf///:3hKc|7c9c|Tc7s/Ah4c9d/8d/2c:36765|-16765|-20000:B|C|A
STATE:602:fcr5772c/r14176f:Kc6s|Qc6h|6d7c/5h5cTc:5772|-5772|0:C|A|B
STATE:603:cr404cc/ccc/r10322r20000fc/:5h9s|7d8d|4dAd/TcJs2s/6h/4s:20404|-20000|-404:A|B|C
STATE:604:fcc/cr16750c/r18427r20000c/:5dJd|6d8d|Th6s/2c9sTd/5h/8c:-20000|20000|0:B|C|A
STATE:605:r19886r20000cc///:AsKs|TcQh|3c4c/JcJd2s/2c/8h:40000|-20000|-20000:C|A|B
STATE:606:ccr4170cc/r14794cr20000cc//:7cJs|Th8s|Qh6h/2s3hAc/Qs/Td:-20000|-20000|40000:A|B|C
STATE:607:r5197r17627cr20000cc///:2c8h|6cKh|3sQs/4d6hKs/9d/9s:-20000|40000|-20000:B|C|A
STATE:608:ccr8924cc/r11592cr17482cr20000cc//:Th5d|9dTc|7sJc/4cAh4h/7c/6s:-20000|-20000|40000:C|A|B
STATE:609:ccc/ccr13055cr20000cc//:6c2c|7h6d|KsQs/2hKc3h/9h/5h:-20000|40000|-20000:A|B|C
STATE:610:cr7522fc/r8135c/r19046r20000f:8h5c|Tc6s|Ac9c/9h4dTs/As:-19046|-100|19146:B|C|A
STATE:611:cr13931cc/ccc/r19615r20000cc/:9s7c|7s9c|3d3s/5c5s5d/7h/8c:10000|10000|-20000:C|A|B
STATE:612:r10132cr20000cc///:As2d|Qs9s|2sTh/Qd9hKs/2h/4h:-20000|40000|-20000:A|B|C
STATE:613:fcc/cc/cc/cc:4d7d|2c9d|JhTd/QsAdTh/Jc/2d:-100|100|0:B|C|A
STATE:614:fr2874c/cr5481r15214c/cc/r17555c:TsKs|JsKd|9d3c/Tc3dQh/Qs/Ac:-17555|17555|0:C|A|B
STATE:615:cr4608cr16207r20000cc///:AhQd|4cKs|AsKc/5c6sJh/Ac/9s:-20000|-20000|40000:A|B|C
STATE:616:ff:2d7s|7c6s|QhQd:-50|50|0:B|C|A
STATE:617:cr5161cc/r19539r20000cc//:KsAc|6dQc|9d8c/KdKc9s/5d/3d:40000|-20000|-20000:C|A|B
STATE:618:ccr1781cc/cr11406r20000cf//:KdTh|Kh6c|8s7d/QsQh3s/7s/5s:-20000|-11406|31406:A|B|C
STATE:619:ccc/ccr12570r20000cc//:3d4c|Ah8c|6hJh/9cJs3c/9h/7c:-20000|-20000|40000:B|C|A
STATE:620:r14314r20000cc///:2h5h|Kh7s|8h2c/9c7h4d/5d/Kd:-20000|40000|-20000:C|A|B
STATE:621:r6521fc/r6878c/cr12811r19683r20000c/:Kd9c|Jh8d|Qc9h/Jc7c2h/Tc/Qd:-50|-20000|20050:A|B|C
STATE:622:ccr17238r20000cc///:AdTs|5d9c|9hJc/8s3c2s/Qc/2c:40000|-20000|-20000:B|C|A
STATE:623:r16694cr20000cc///:Jd8d|Tc6s|As5h/Kc4h5d/3s/4s:-20000|-20000|40000:C|A|B
STATE:624:r8386r18035cr20000cc///:5hQs|2c7s|2dKd/9hJc4d/Ac/3d:-20000|-20000|40000:A|B|C
STATE:625:r10142cc/ccc/ccc/r14999cc:Qd5h|KdAc|6cJh/QcTcAd/7d/5d:29998|-14999|-14999:B|C|A
STATE:626:ccr15712r20000cc///:9c8d|6hQs|AcAs/8hQh2d/Td/Jc:40000|-20000|-20000:C|A|B
STATE:627:r14561cc/ccc/r15191fr15908f:4c2c|7c7s|5d8d/QsTcTs/2d:-15191|-14561|29752:A|B|C
STATE:628:r18708cr20000cc///:7c8s|TcAd|Ac6d/3s2s8d/6c/2h:40000|-20000|-20000:B|C|A
STATE:629:ccr6859cc/ccc/cr17454r20000cc/:4sAs|Ks4h|Jh2s/8dTc9c/8h/Qc:-20000|-20000|40000:C|A|B
STATE:630:ccr16094cr20000cf///:TcAs|Td7c|3d9s/5sAc4h/2h/2d:36094|-20000|-16094:A|B|C
STATE:631:cr12774cr20000cc///:Ts5h|Qd6h|3dQs/2h7s8d/Js/2s:-20000|10000|10000:B|C|A
STATE:632:ccr8034cr19906r20000cc///:2h5c|KdKh|9d3s/Qd4c5h/Kc/Ts:-20000|40000|-20000:C|A|B
STATE:633:ccc/ccr6549r17896cc/cr18988r20000cc/:7dTs|5d3c|7c8h/AsJh7s/Jd/5c:10000|-20000|10000:A|B|C
STATE:634:cr13588r20000cc///:9c5s|5c4d|QdKs/TdTc3s/Qs/7s:-20000|-20000|40000:B|C|A
STATE:635:cr9396r19559fr20000f:5sQh|KhTs|QsKs:19659|-19559|-100:C|A|B
STATE:636:r2655cr7021r15189cc/r16816cr19509r20000cc//:9c4d|Qc8s|9dJc/7s4c4s/5d/3c:40000|-20000|-20000:A|B|C
STATE:637:cr4581cc/cr15113cr20000cc//:9s2s|7h6s|8c6h/2d9dTd/2c/Jh:40000|-20000|-20000:B|C|A
STATE:638:fr12182c/r19174r20000c//:2sKs|Qd5h|TcAh/2h4s7d/Td/Kd:20000|-20000|0:C|A|B
STATE:639:cr19514cr20000cc///:Td5s|7c8c|4cKc/7sJhKd/Ad/Ah:-20000|-20000|40000:A|B|C
STATE:640:ccr12020r20000cc///:Tc4d|3c3s|2h8h/2sQh4s/5h/Ah:-20000|-20000|40000:B|C|A
STATE:641:cfr18479c/r19303c/r19656c/r19924f:As3d|6s7s|2s5s/3c2c6h/4s/7c:-50|19706|-19656:C|A|B
STATE:642:r10172fr20000c///:9h4s|QdTd|2dQs/8cKhQc/3c/7s:-50|20050|-20000:A|B|C
STATE:643:r12798cr20000cc///:2d8d|KhJc|5dAc/Qc4c6d/Td/Ad:40000|-20000|-20000:B|C|A
STATE:644:fcc/r14283r20000c//:JdQs|9c9s|Ac5d/As7cTc/6h/4d:-20000|20000|0:C|A|B
STATE:645:ccc/r6860r16009r20000cc//:6sQh|9c7h|3hJh/5s8dAc/8h/Ks:40000|-20000|-20000:A|B|C
STATE:646:fcr6460c/cc/cc/cc:QhJc|7d8s|3cTh/Kh4c3d/9d/8c:-6460|6460|0:B|C|A
STATE:647:r16201cf/cc/cr17099r19666r20000f:Qc8h|2h2d|AcJd/Kc6h4c/3c:-19666|-100|19766:C|A|B
STATE:648:r4006r10484cr18004cc/ccc/r19103cr20000cc/:9s5s|Jh5h|8cQc/7c7h6h/9h/Tc:-20000|40000|-20000:A|B|C
STATE:649:r4053cr18214cr20000cc///:6sAc|5s3d|Kc5d/QsQcTs/Jh/7c:40000|-20000|-20000:B|C|A
STATE:650:ccc/r10350cc/r18469cc/cr19040cc:5h9h|JhJd|AcQc/KcAd6h/Qh/Tc:-19040|38080|-19040:C|A|B
STATE:651:ccc/cr5709cr13465r20000cc//:AdAc|3s3d|5d8s/TcJsJc/6h/As:40000|-20000|-20000:A|B|C
STATE:652:r1425fc/r12840c/r18322c/r19641r20000c:Ks6s|3c7c|Ah9c/AsJcJs/5c/8c:-50|20050|-20000:B|C|A
STATE:653:cr3970r9131cr18311cr20000cc///:3sAh|5d3h|Kc7h/9hTd8s/Qh/5h:-20000|40000|-20000:C|A|B
STATE:654:ccr2952r7278cr14649cr20000fc///:5h2h|6d6h|KhJd/7sAdJh/3h/9s:-20000|-14649|34649:A|B|C
STATE:655:r15996r20000fc///:2sKc|KsTh|Jc4d/7h8h6d/Kd/2h:20100|-100|-20000:B|C|A
STATE:656:r7539cr18276cc/r18931cc/r19828r20000cc/:Ad7h|Js8s|5d8d/5sTs4d/4c/4s:-20000|-20000|40000:C|A|B
STATE:657:r6358r19693r20000cf///:Tc2s|Ac5c|9d7s/Ah6s6d/9c/Qd:-19693|39693|-20000:A|B|C
STATE:658:cr1676cc/r14805r20000cc//:Td7c|9h2d|5hQh/7h6h3d/Qd/Tc:40000|-20000|-20000:B|C|A
STATE:659:cr15809r20000cc///:JcAc|4s5c|QhAs/4cQcQs/Ad/9s:-20000|-20000|40000:C|A|B
STATE:660:cr17379r20000cc///:2hKh|3cKs|4dAd/3s8h2c/5s/2s:-20000|-20000|40000:A|B|C
STATE:661:cr4710r18412cr20000fc///:Qs9h|TsJs|7d7h/AdQc3s/4s/As:38412|-18412|-20000:B|C|A
STATE:662:r16715r20000cc///:3hJc|4dAc|2c4s/TcQd7d/8d/3d:-20000|40000|-20000:C|A|B
STATE:663:r14246cc/cr15678cr18232r20000cc//:2dKd|QhAh|9h3s/5dQcKh/2s/Ts:40000|-20000|-20000:A|B|C
STATE:664:fr15770f:Kc5c|7s4h|3d5d:100|-100|0:B|C|A
STATE:665:ccc/r12878cr20000cc//:2cAd|8s6s|3d4h/5hKd4d/Js/9d:-20000|-20000|40000:C|A|B
STATE:666:cr8063cr17428r20000cf///:8c7s|6dQd|7c5c/TcTs7h/2c/Ks:37428|-20000|-17428:A|B|C
STATE:667:cr2010cc/ccr11160cc/cr13707r16629cc/ccr17687cc:AdKh|Qd4h|5d5h/9c4d6d/Tc/Jc:-17687|-17687|35374:B|C|A
STATE:668:ccc/cr16280r20000cc//:4c4h|JsKs|Ad9s/3s5c8s/Qc/5s:-20000|40000|-20000:C|A|B
STATE:669:ccc/r3357cc/ccr9554cc/r11405cc:AdTd|Qd2s|3dJd/Tc8d5d/2h/3s:22810|-11405|-11405:A|B|C
STATE:670:ccc/r14514r20000cc//:ThJd|9d2s|QsTd/2hTcTs/Ah/Qc:-20000|-20000|40000:B|C|A
STATE:671:r9691cr19341r20000cc///:6c9h|4h3h|4d8h/QsKdTs/6d/As:40000|-20000|-20000:C|A|B
STATE:672:r13576cr20000cf///:7sTs|Ad4c|4dJd/6dQsAs/Js/9s:-13576|33576|-20000:A|B|C
STATE:673:r19038cr20000cc///:7hAd|QdAs|7s8d/2c9d3h/8h/4d:-20000|-20000|40000:B|C|A
STATE:674:fr8231c/cr18984r20000c//:5c6d|6hAs|Tc9c/4hKdTh/8h/Jh:-20000|20000|0:C|A|B
STATE:675:r7658r17633cc/r17830cc/cr19673r20000cc/:3d5h|KsKd|4sTs/QdTh5d/9s/Jc:-20000|40000|-20000:A|B|C
STATE:676:r15656cc/r18982cc/ccc/r19517r20000cc:5sKd|AdAs|4s9c/2hAh6s/8c/Ac:-20000|40000|-20000:B|C|A
STATE:677:fr17101c/cr18873r20000f:7dAd|As9c|8s4c/AhTs2d:18873|-18873|0:C|A|B
STATE:678:ff:2cJd|Kh7h|9hTd:-50|50|0:A|B|C
STATE:679:r18591cc/ccc/r19773cc/cr19922fr20000f:4sAc|8s2d|Kc9c/7cQdKd/Ts/3s:39695|-19922|-19773:B|C|A
STATE:680:cr16734r20000cc///:9d5s|6sJc|6h5c/5hKcQs/Qh/Td:10000|-20000|10000:C|A|B
STATE:681:r5681cr12711cr19977r20000cf///:2c5c|5s7h|4dTs/4h7cKd/Jh/8h:-19977|39977|-20000:A|B|C
STATE:682:r14134fr20000c///:2c2h|4s6c|5cTs/JsKcJh/8s/8h:-50|25|25:B|C|A
STATE:683:r6201fr15793r20000c///:4s7s|5dQc|Ad5c/8d4h3h/9h/5s:-50|-20000|20050:C|A|B
STATE:684:cfr7343c/r8735c/cc/cc:9c4d|7d9s|6d8d/TcJcQc/4c/Qd:-50|8785|-8735:A|B|C
STATE:685:r1119cr7810r18093r20000cf///:2dAd|JhTc|3c8s/9hQdJd/3d/6c:38093|-20000|-18093:B|C|A
STATE:686:fr735r3188r19623r20000f:7c5s|4d3s|8c4h:-19623|19623|0:C|A|B
STATE:687:ccc/ccc/ccr16367cr20000cc/:8d9d|5c6d|2dKs/As5hTh/4s/Ad:-20000|40000|-20000:A|B|C
STATE:688:r18454cr20000cf///:KhQd|4hAh|5s4c/8h7c7h/Jh/As:-18454|38454|-20000:B|C|A
STATE:689:r10078r20000cc///:4d2c|Js4h|4c3s/5c2h6d/Qc/9h:-20000|-20000|40000:C|A|B
STATE:690:ccr11888cc/r15286r18875cc/ccc/r19474fr20000c:3s3c|4h8d|AhTh/AsJd3h/8h/6d:38875|-18875|-20000:A|B|C
STATE:691:r4919cr16904cr20000cc///:9cKh|Ts4c|JsJc/9h7hKs/8d/Qd:40000|-20000|-20000:B|C|A
STATE:692:fr2183c/r9040c/cc/r17471r20000c:4hTh|QdAc|9hTc/9d6s5s/3h/Ts:20000|-20000|0:C|A|B
STATE:693:r2580r8154cr18128r20000cc///:2c9s|Jh5c|QhKh/7d3c6s/Qd/Qs:-20000|-20000|40000:A|B|C
STATE:694:ccc/r14080cc/ccc/r17466r20000cc:Kd4s|QhAd|9h2h/3cTs6c/Qc/8c:-20000|40000|-20000:B|C|A
STATE:695:r1645r9211r17113cc/ccr19071cr20000fc//:Qc4d|9sKh|Jd8s/5c8h4c/3h/Jh:39071|-20000|-19071:C|A|B
STATE:696:ccr14881cr20000cc///:7s2h|Td4s|6c3h/5s8hJc/Th/Ts:-20000|40000|-20000:A|B|C
STATE:697:ccc/cr19807r20000cc//:Qh9d|Qs5h|2hAs/3cAhJc/Jh/7c:-20000|-20000|40000:B|C|A
STATE:698:ccc/ccr16151cc/cr19689r20000cc/:JdKh|2c3s|6c9d/4dTd7s/5s/6h:-20000|40000|-20000:C|A|B
STATE:699:r3763fc/r11247c/r19155c/r19773c:5hTc|4c5s|7c3h/7d9cTh/6c/3s:-50|19823|-19773:A|B|C
STATE:700:fcc/cr10502c/cc/r15039r19939c:7hAd|Qd6s|6dTh/2c8c9s/Ac/2s:19939|-19939|0:B|C|A
STATE:701:r17149cr20000ff:6cTh|9d5d|JsJh:-17149|34298|-17149:C|A|B
STATE:702:cr7003r19911cr20000cf///:JhQh|6h8s|3d2s/Ad4s5s/8c/Kh:-20000|39911|-19911:A|B|C
STATE:703:r18278cc/ccr18769cc/ccc/r19581cr20000cc:2d8d|7c6h|2hKd/8hTs8c/3h/Jh:40000|-20000|-20000:B|C|A
STATE:704:r16659cr20000cc///:2dTs|4c3c|Qd2s/Ks2c9d/As/Kd:10000|-20000|10000:C|A|B
STATE:705:r2619cr16586r20000cc///:4d7h|5s5d|3h6h/Ah7c4s/2s/6c:40000|-20000|-20000:A|B|C
STATE:706:r6824fr13899r20000c///:5s6d|2d4d|Qh9c/Kh9h3h/Qs/Jc:-50|-20000|20050:B|C|A
STATE:707:cr20000cc///:Js2c|Tc3s|7s8d/Ts9s9d/9c/3h:-20000|40000|-20000:C|A|B
STATE:708:ccr6998cc/cr12067cc/r19553r20000cc/:3sQd|4h2s|6c3d/Th6s9c/6h/4d:-20000|-20000|40000:A|B|C
STATE:709:cr19568cc/cr19988fc/r20000c/:QdKc|5c2s|7hTh/JdTc6h/5d/Jh:-20000|39568|-19568:B|C|A
STATE:710:ccr907fr18399c/cc/cc/cr19567c:AdQs|6hKc|Qd4c/3d9c6c/6d/Qh:-19567|19667|-100:C|A|B
STATE:711:r6064cr12275r18948r20000cc///:JhKh|5cJc|QsTs/7h2h5d/7d/4s:-20000|40000|-20000:A|B|C
STATE:712:ccc/r3254r10912cc/ccr18810fr20000f:Ah3c|As3h|8c9d/9hKcAd/4c:-10912|29722|-18810:B|C|A
STATE:713:cr18808r20000cc///:9s2h|7dAs|5h7c/Td5sJs/4s/9h:40000|-20000|-20000:C|A|B
STATE:714:cr2452r15849cc/r19440r20000fc//:KcTs|3s8c|7sJh/2c8d6c/Kd/3d:-20000|35849|-15849:A|B|C
STATE:715:cr13041cr20000cc///:9sTc|2s4c|Qh6c/8dJd9c/Ts/Kd:-20000|-20000|40000:B|C|A
STATE:716:r4687cc/cr16581r20000cc//:5hKh|Qd8s|Qc9s/3c3h6c/Th/5c:40000|-20000|-20000:C|A|B
STATE:717:cr19041r20000cf///:Kc6s|KsKh|5cQs/6h6c3h/4h/4c:-19041|39041|-20000:A|B|C
STATE:718:ccr12298cf/cr17693c/r19600c/r19924r20000c:4h6d|Kh5h|7h7d/KdQhAd/Qs/Jh:-100|20100|-20000:B|C|A
STATE:719:ccc/cr3538fc/cc/cr13736c:4d5s|AsQs|9c5d/Qh6cTc/2s/Th:-13736|13836|-100:C|A|B
STATE:720:cr1716r3796cf/r16068c/r18438r20000c/:Qs7s|3sKc|7hJd/2d9c5h/Qc/Ac:-1716|21716|-20000:A|B|C
STATE:721:r6631r18352cc/cr19778r20000cf//:Jh7c|6d8c|KhKd/9s2sJs/7s/2c:-20000|-19778|39778:B|C|A
STATE:722:cr10334cc/r11364r17193cc/r19295r20000fc/:JsTc|KdJh|4h9d/2d6c5c/6s/9c:-20000|37193|-17193:C|A|B
STATE:723:r9382cc/ccr10460r19650r20000cc//:5s4s|AhKs|Th4d/TdJdAd/8s/3c:-20000|40000|-20000:A|B|C
STATE:724:r3415cc/ccr8624r19790r20000cf//:5c7d|8dQs|9h4s/7sQhJs/Qd/Kc:-19790|39790|-20000:B|C|A
STATE:725:cr7813r17144r20000cf///:3c7c|TcKd|Jh9c/5h6d9s/Qc/6s:-20000|-17144|37144:C|A|B
STATE:726:r13326r20000cc///:9c9h|4cQs|Qh6c/2s2c3c/Qc/3d:-20000|-20000|40000:A|B|C
STATE:727:ccr16352cc/ccr19250r20000cc//:Ad4h|6cKs|2d3d/TsTh4d/9s/9d:40000|-20000|-20000:B|C|A
STATE:728:r18614cc/cr18909r19741cc/ccc/ccr19910cc:7s5s|Ts6s|9h5d/7cKh3c/4h/5c:-19910|39820|-19910:C|A|B
STATE:729:ccr16418cr20000cc///:2cJc|Ks9s|2h7s/As6s3c/Qs/4d:-20000|40000|-20000:A|B|C
STATE:730:cr3971cf/cr17022c/cr18141r19668c/cr19932r20000c:7h9d|TsQs|Jc3c/Jh5dTc/Kc/8s:20100|-20000|-100:B|C|A
STATE:731:ccc/ccr5716r13600cr20000cc//:9c5h|7cQh|Th5s/8dKdTs/3d/Qc:-20000|40000|-20000:C|A|B
STATE:732:cr11621cc/r12414cr14300cc/cr17158cc/cr17625r19057cc:5d5s|Td2h|2d4h/4cQcKc/3c/2c:0|0|0:A|B|C
STATE:733:ccr17652cr20000cc///:8h2s|Qs5d|5c2d/4h8s7s/6h/Td:-20000|10000|10000:B|C|A
STATE:734:r19382cr20000cc///:4d7d|ThKd|Ac5d/KhAs3h/Qh/5h:-20000|40000|-20000:C|A|B
STATE:735:r4456fc/cr15121r20000c//:4h8s|7h6d|Ks6c/7d4d3h/Td/As:-50|20050|-20000:A|B|C
STATE:736:r8947r19550r20000cc///:Ac3s|KsAd|8s4s/4h3cKd/Th/Ah:-20000|40000|-20000:B|C|A
STATE:737:r11477r20000cc///:7c7s|4c3s|6d5d/5cJcQs/3d/8d:40000|-20000|-20000:C|A|B
STATE:738:r2625r8307r15716cr20000cc///:Ah4s|Ks4d|2s5c/Jc8hAd/8s/Th:40000|-20000|-20000:A|B|C
STATE:739:r19170cc/r19338cc/ccc/r19495cr19791r20000cc:7h3s|KhJh|4hJd/9d5d9h/6d/Ts:-20000|40000|-20000:B|C|A
STATE:740:r13305r20000cc///:AhJh|TsKd|2dJs/Qh5h6d/Qs/2c:-20000|-20000|40000:C|A|B
STATE:741:r18659cr20000cc///:6c5c|KsJh|5h3d/4cAd9h/Kc/9d:-20000|40000|-20000:A|B|C
STATE:742:r8678r17893cc/r19995fr20000c//:4c9c|4s5c|KsAh/9s7dQh/7c/6d:37893|-17893|-20000:B|C|A
STATE:743:ccr19267cr20000cc///:QsKs|Ah7h|Js9c/JhTs3c/8c/2c:-20000|-20000|40000:C|A|B
STATE:744:r19578cr20000fc///:QdAh|3cKc|Kd2c/Ts9d5c/Tc/7d:39578|-20000|-19578:A|B|C
STATE:745:ccc/cr19615cc/ccc/r19919r20000cf:5d2h|Js8d|3dTd/AdJd6d/9s/Jc:-19919|-20000|39919:B|C|A
STATE:746:ccc/cr11961cr20000cc//:9hTh|AcKd|2cJs/5c7cQh/Kh/7d:-20000|40000|-20000:C|A|B
STATE:747:ccr735r15898r20000cc///:ThAd|4sQs|JsQh/5hKd9s/Qd/4d:-20000|40000|-20000:A|B|C
STATE:748:cr4887cc/r10974r19336cc/ccr19893r20000cc/:8h4d|Tc6d|TdQd/9h4cKh/3c/Jh:-20000|-20000|40000:B|C|A
STATE:749:r9337r18829cr20000cf///:8h2d|As4d|2cAc/5d4s4h/Td/6d:-20000|-18829|38829:C|A|B
STATE:750:cr19197cc/ccr19950cr20000cc//:3h6c|2d7h|Ad4h/4d2cAc/Qd/3d:-20000|-20000|40000:A|B|C
STATE:751:r11208r20000cc///:KhJh|7s9d|2hJs/8h8s2c/8c/9h:-20000|40000|-20000:B|C|A
STATE:752:r3179r16251cc/r19813r20000cc//:JsQh|Td2h|7hKh/Ad7c4c/2s/Qc:40000|-20000|-20000:C|A|B
STATE:753:ccr19715r20000cc///:Jh5c|Ad7s|6hQc/AsQsJd/Js/9h:40000|-20000|-20000:A|B|C
STATE:754:fr18524c/r19915r20000c//:7c5s|3d8d|6sJs/AcTc5c/6h/Jc:20000|-20000|0:B|C|A
STATE:755:ccr1782r12748cr20000cc///:JhAs|5d7d|5sTc/3c9hTs/8c/2d:-20000|-20000|40000:C|A|B
STATE:756:cr9731r19384cr20000cc///:9hAs|7c2h|3d4d/Th9d3s/Qh/4h:-20000|-20000|40000:A|B|C
STATE:757:r5601r18715cc/cr19734r20000cc//:6c7s|4cKs|9d8h/3d4dQc/8d/8s:-20000|-20000|40000:B|C|A
STATE:758:r13611cr20000ff:2dJh|Kc4c|9hAd:-13611|27222|-13611:C|A|B
STATE:759:r10036cc/r15950cc/ccr18910cc/r19025r19584r20000cc:Ad4c|QcJs|9sAh/6c5hTd/Kc/8s:-20000|-20000|40000:A|B|C
STATE:760:r1533cc/ccc/cr7688r18303r20000cf/:Kc4s|2hJc|Qs4c/3d7sKd/Ac/Ts:38303|-20000|-18303:B|C|A
STATE:761:cr16288cc/r19870r20000cc//:2c9h|JsTc|4h7h/JcAc2h/3c/6d:-20000|40000|-20000:C|A|B
STATE:762:ccc/r19459r20000cc//:6dAh|KsJh|5h9c/3c4sTd/6s/5s:40000|-20000|-20000:A|B|C
STATE:763:r1816cr6681cc/cr15851cc/ccc/r16028fr17448f:Ks7h|7dAd|JhKc/8h5hQc/8c/4h:-16028|-15851|31879:B|C|A
STATE:764:r8512r19237cf/r19875r20000c//:2d6s|5dJs|6d6c/Ah4hAs/Tc/2c:28512|-20000|-8512:C|A|B
STATE:765:r10074cr20000cc///:5h2h|Ad9s|3sTc/7c3h7h/Qs/Qh:40000|-20000|-20000:A|B|C
STATE:766:r19610cc/r19857cr20000cf//:6s6c|3hTh|5h5c/3sJdJs/4c/2h:39857|-19857|-20000:B|C|A
STATE:767:fcr6613r15551r20000c///:Ad2c|Jc5s|9hKh/5dKd3d/6c/Qh:-20000|20000|0:C|A|B
STATE:768:r11872r20000cc///:3c2c|7h6d|3sTc/Td6h8s/2d/Kc:-20000|-20000|40000:A|B|C
STATE:769:r4658cc/cr5323r7128cr19825cr20000cc//:7h3d|3sTh|4h2d/AsQc6c/8s/5c:-20000|40000|-20000:B|C|A
STATE:770:r17106cc/cr17496cc/r19583r20000fc/:7sAs|8s4s|Qc3d/7c7h5d/6d/3s:-20000|37496|-17496:C|A|B
STATE:771:r837r9782cr18933cr20000cc///:4cAs|7d2c|8sQd/Kh8dJc/2h/9s:-20000|-20000|40000:A|B|C
STATE:772:cr14327r20000cf///:Ad6s|QhTh|4cKd/5cAhJh/3d/9d:-14327|-20000|34327:B|C|A
STATE:773:cr4229r16314cc/cr19268r20000cc//:5cQh|4cKs|3dJh/QcQdTh/Jc/Kc:40000|-20000|-20000:C|A|B
STATE:774:cr5085cr14852fr20000c///:2c5h|Ad7c|7d3c/Ts4hKs/Qh/4d:-5085|25085|-20000:A|B|C
STATE:775:ccr13972r20000cc///:4dKs|7c2c|2d4c/8s6h9h/9s/7s:-20000|40000|-20000:B|C|A
STATE:776:r17302r20000cf///:Qs7c|3hTh|4c5s/6s4s7d/5d/As:-20000|37302|-17302:C|A|B
STATE:777:ccr4152cf/r11433c/r17041c/r19120r20000c:Ad6s|2dAc|8dKd/4cTdJd/4s/Ks:-100|-20000|20100:A|B|C
STATE:778:r7472fc/cr18689r20000c//:Js5s|2sKh|Ts9c/4sJd3c/9h/Qc:-50|-20000|20050:B|C|A
STATE:779:ccr2728r16705cr20000fc///:4s9h|QcAd|Ts8h/6sQd5c/4d/Ah:-20000|36705|-16705:C|A|B
STATE:780:r6821cc/r12131r18620cc/ccr19614cr20000cc/:2d8c|9dQc|AhQd/AsQhTh/9s/Jd:40000|-20000|-20000:A|B|C
STATE:781:cr15578cc/r19107cr20000cc//:Ad2h|Td8s|2s8d/4h9d7c/2c/3c:40000|-20000|-20000:B|C|A
STATE:782:ccr2962r14359cc/r16424cr19974r20000cf//:4cTc|QsTs|Ad4s/4d5d6s/Jc/8s:39974|-20000|-19974:C|A|B
STATE:783:r6217r19648cr20000fc///:Kh9s|2h5c|Kc5s/3h7d6c/6h/8s:-19648|-20000|39648:A|B|C
STATE:784:ff:2h2d|5h7d|Jc5c:-50|50|0:B|C|A
STATE:785:cr16535r20000cc///:3dQc|7sTs|As8h/4dJs9s/Tc/9c:-20000|40000|-20000:C|A|B
STATE:786:r5985r14813r20000cc///:8cAd|Kh9d|5s6h/4dTs7c/8h/6c:-20000|40000|-20000:A|B|C
STATE:787:r18845fr20000f:Ts5h|2h6d|5sAs:-50|18895|-18845:B|C|A
STATE:788:fcc/cr13862r20000c//:QdAh|3h7d|8c3d/5c6h4c/9h/4d:-20000|20000|0:C|A|B
STATE:789:cfr12588c/cc/cr14710c/r19271r20000c:2s7h|9d3s|9hTc/JsQsQh/7c/3c:-50|20050|-20000:A|B|C
STATE:790:r1224r16492fr20000c///:Qs3c|5cTc|5s8h/3h2h6d/8c/Ad:-20000|-100|20100:B|C|A
STATE:791:r17537cr20000cc///:3s2s|Kd3d|9d2d/2c8h4c/8d/9h:-20000|-20000|40000:C|A|B
STATE:792:ccr16647cf/cc/r18298c/r19513c:Tc2h|AhJs|9d9c/Jh7d2c/Ks/8s:-100|19613|-19513:A|B|C
STATE:793:ccr13940cc/cr14657cr18723r20000cf//:AdKh|Qd7h|Th5c/KdAc6d/Js/4c:-18723|38723|-20000:B|C|A
STATE:794:r15268cr20000cc///:7c4d|Qc2s|8d8h/3c6d8c/Qd/3s:-20000|-20000|40000:C|A|B
STATE:795:cr12976cf/cc/cc/cr17108r20000c:6cAc|7d7h|Tc2s/ThQc9c/Qd/3d:-20000|20100|-100:A|B|C
STATE:796:r10409r20000cc///:6c9h|AhJs|Td7d/4sQcAd/Ts/Qs:-20000|40000|-20000:B|C|A
STATE:797:r18805r20000cc///:Kd2d|7dKh|2h8s/As6d5c/3s/9c:-20000|40000|-20000:C|A|B
STATE:798:cr17706r20000cc///:5dTs|Kd4h|3h6h/4dJd3d/Qs/Ks:-20000|40000|-20000:A|B|C
STATE:799:r16201cr20000fc///:Kc8s|Jd9h|3c5d/4d9sJh/5s/Ks:-20000|36201|-16201:B|C|A
STATE:800:ccr15336r20000cc///:7h7d|2h5h|KcQh/9d7sAh/Js/Td:-20000|-20000|40000:C|A|B
STATE:801:r5367fr16857c/cr17459c/r19287c/cc:Jh6d|KdAs|TsJc/4s3hAd/Jd/4h:-50|19337|-19287:A|B|C
STATE:802:fcc/r4858r17081c/cc/cr18403c:8hQs|4sKc|Tc6s/6dTd3s/Kh/5d:-18403|18403|0:B|C|A
STATE:803:ccr12603r20000cc///:2dAs|JdQd|4sJs/5h7h7d/2h/Ah:40000|-20000|-20000:C|A|B
STATE:804:fr13348c/r17447r20000c//:JcKh|8h3h|Tc2s/9sJd3d/6h/As:20000|-20000|0:A|B|C
STATE:805:ccr18243r20000cc///:9sKd|6h8s|JdJc/Qc2d8h/2c/4s:-20000|-20000|40000:B|C|A
STATE:806:ccr18011r20000ff:6c7h|KdAs|9c8c:-100|-18011|18111:C|A|B
STATE:807:r3614r7878cc/r17360fc/cc/cc:3d8d|Jc5h|Qd4d/3s7cTc/2d/As:25238|-7878|-17360:A|B|C
STATE:808:cr15194r20000cc///:QcAh|8cTs|9d2c/Jc3d7h/Qh/4c:40000|-20000|-20000:B|C|A
STATE:809:r16965cc/ccr18067cc/cr19279cr20000cf/:Jd2s|QdQh|4h5d/9h7dTs/Ad/4c:-20000|39279|-19279:C|A|B
STATE:810:cr5558r19164r20000cc///:3s5d|Td2s|4d5c/4sKd2c/8h/Jc:-20000|-20000|40000:A|B|C
STATE:811:ccc/r13417r20000cc//:2d2s|Js4d|5s8s/8dKhAc/8c/7c:-20000|-20000|40000:B|C|A
STATE:812:r2152cr19862r20000cc///:9c5d|3h7s|4cTs/7dQc9d/Kc/6d:40000|-20000|-20000:C|A|B
STATE:813:cr8520r19889fr20000c///:8d7d|Tc4s|Js3s/KcKd7h/Jd/Jh:-20000|20100|-100:A|B|C
STATE:814:cr4078r19679r20000cc///:AhTs|3s8d|7d3h/6hAsTc/2s/5c:40000|-20000|-20000:B|C|A
STATE:815:ccc/ccr9452cc/r19096cr20000cc/:4d6s|5sQd|Jd9h/7cJhQs/Qh/9c:-20000|40000|-20000:C|A|B
STATE:816:r13885cr20000cc///:6d4d|Qs4c|QcKc/8d7dAh/5c/6h:10000|10000|-20000:A|B|C
STATE:817:cr4009r9264fc/cc/r17840r20000c/:3h3d|7sKd|2d9c/5hJhTd/4d/Ks:-20000|20100|-100:B|C|A
STATE:818:r8363cr17422cr20000cc///:Qh2c|Qs4c|6c7d/Js6d9d/3s/5c:-20000|-20000|40000:C|A|B
STATE:819:cr12814cr20000fc///:4cJc|8c6d|9dQc/QhKh3c/Kc/7h:-12814|-20000|32814:A|B|C
STATE:820:r15478fr20000f:6d9c|2h3s|JdKc:-50|15528|-15478:B|C|A
STATE:821:fr5955r19089c/r19933r20000c//:2d3c|8cJc|8h2s/6hAh3d/9s/Kh:20000|-20000|0:C|A|B
STATE:822:r4586r13798r20000fc///:JcTs|Qd2d|6h9s/3cTh2s/7d/5d:24586|-20000|-4586:A|B|C
STATE:823:r10803r20000cf///:4d7s|4c9h|Td5h/JdAc3h/6s/5d:30803|-20000|-10803:B|C|A
STATE:824:r14225cc/r16451cc/r18204cr19995cr20000cc/:Jc5h|AdAc|7s3c/TsJhAh/Tc/5d:-20000|40000|-20000:C|A|B
STATE:825:r17750fc/r18230f:3cKc|8sTh|Js4d/5cJd6c:-50|17800|-17750:A|B|C
STATE:826:r1627r10184cf/cc/cc/r12013r14352c:KsJs|5cTc|9c4d/Jd4h5d/Ac/7c:15979|-14352|-1627:B|C|A
STATE:827:cr8156fr18111c/cr19825c/cr19926f:3s5c|6dQd|2dAd/9s6hTd/2c:-19825|-100|19925:C|A|B
STATE:828:fr1245c/cc/r8999r18507c/r19476c:4dQd|4h4c|Ts8d/Kh8s4s/8c/7d:-19476|19476|0:A|B|C
STATE:829:r19285cr20000cc///:3cAd|2h9s|4c2c/As7s9h/Jh/Js:40000|-20000|-20000:B|C|A
STATE:830:r494cc/r12197r20000fc//:3h8c|Ks2s|9dAs/TdJsAc/5h/3c:20494|-20000|-494:C|A|B
STATE:831:r6952cc/r14390cr20000cc//:3h5s|8hJc|Kd9c/7hAhTc/4d/3s:40000|-20000|-20000:A|B|C
STATE:832:r17334cr20000cc///:9c7s|4d5h|7h6h/3hTc2s/Td/Kc:40000|-20000|-20000:B|C|A
STATE:833:r3286cr16330r20000cc///:Kh6h|2c3s|QcTs/Ks2sKc/7s/Jh:40000|-20000|-20000:C|A|B
STATE:834:cr3078cr14936cr20000cf///:6sTs|Js2c|3h3s/2d5hKh/Qd/3d:-14936|-20000|34936:A|B|C
STATE:835:r19592cr20000cc///:3dKc|2h9d|8h6d/7dQs6c/9c/Ah:-20000|40000|-20000:B|C|A
STATE:836:r11277cc/r11397cr19324r20000cc//:AcKc|Qh3d|Qd4c/3c4h2d/Tc/6d:-20000|-20000|40000:C|A|B
STATE:837:r12852r20000cc///:Tc2c|Qc5d|4h2s/ThKc7c/Td/7d:40000|-20000|-20000:A|B|C
STATE:838:ccr6165r15133cc/r15363fr18443r20000c//:9dQd|ThTs|3h4s/2c6s2s/7h/8s:35133|-15133|-20000:B|C|A
STATE:839:r9546r19305r20000cc///:3d7h|Jh3h|Qd5h/7cJd6h/2s/4d:-20000|40000|-20000:C|A|B
STATE:840:r847r18764r20000cc///:JdTh|8h9d|TdKc/2cAd6h/4d/8d:-20000|40000|-20000:A|B|C
STATE:841:fr17441r20000c///:7c5c|Ac3h|2s2c/7d6cJh/6h/4d:20000|-20000|0:B|C|A
STATE:842:r13426cc/cr14929cr17003cr19275cr20000cc//:Tc8d|6h5s|Qc2s/6s4hJd/5d/As:-20000|40000|-20000:C|A|B
STATE:843:cr6514r14002r20000cc///:4cJd|As9c|TdAc/9d2cQs/Th/Jh:40000|-20000|-20000:A|B|C
STATE:844:r18748r20000cc///:8dQd|4s7s|JsJd/9c2d2s/9s/7h:-20000|-20000|40000:B|C|A
STATE:845:cr977r10002fc/cc/cc/cr13260c:QdTc|5c5d|4s7s/5sQhJd/Qs/2s:-13260|13360|-100:C|A|B
STATE:846:cr6608cr17970cc/r18283cc/r18739r19687r20000cc/:8c8h|JhKd|4sJs/QdAh2s/Ad/6s:40000|-20000|-20000:A|B|C
STATE:847:cr19015cc/cr19502r19994cc/ccr20000cf/:5h8c|TsJc|4s8d/4c2cAc/Qs/Qc:39994|-19994|-20000:B|C|A
STATE:848:cr19964cc/cr20000cc//:Ac2s|7hAs|Jd4d/5dQd4c/Tc/9h:-20000|-20000|40000:C|A|B
STATE:849:cr17301r20000cc///:5d2h|8s5h|TcJc/As9d8c/Qh/Ks:-20000|-20000|40000:A|B|C
STATE:850:ccr14803r20000cf///:Qs2h|Kh4s|Kd5c/6d8d9h/Qc/3h:34803|-14803|-20000:B|C|A
STATE:851:ccc/cr16696cf/r19387c/cc:7c2s|7s6d|Th7d/8cAhJh/9d/9h:-100|-19387|19487:C|A|B
STATE:852:r10076r20000cc///:9d4h|KsKd|Th7h/7d2h2s/Qs/3c:-20000|40000|-20000:A|B|C
STATE:853:cr7987r19110cr20000cc///:ThJc|Jh9h|3s5c/Ks5h8h/6c/7c:-20000|40000|-20000:B|C|A
STATE:854:cr3812r18989r20000cc///:4dKh|6h9h|Tc5c/5s7cAd/Jc/Ks:40000|-20000|-20000:C|A|B
STATE:855:cr14148r20000fc///:8hJd|Ah8s|3cKc/2hQd6c/Jh/Qs:20100|-20000|-100:A|B|C
STATE:856:r14775cf/r17574c/cc/r19070c:3c8s|2s8d|9dTs/2hTc4h/Kc/Js:-19070|-100|19170:B|C|A
STATE:857:r10678cc/ccr11703r16355cc/r18494cc/r19787cc:3h2d|5h3c|2hQh/9c4c4h/4d/Jd:-19787|-19787|39574:C|A|B
STATE:858:cr3198r12430cr20000cc///:8d2c|Ah6h|9d5c/7s7c4c/Jd/2h:40000|-20000|-20000:A|B|C
STATE:859:cr6505cr14502cc/ccc/cr18346r20000cc/:7cAc|AdQs|8c9s/4dKs2s/5s/9h:-20000|-20000|40000:B|C|A
STATE:860:r7111fc/r11999c/r17355c/r19295c:9s2d|As4h|5s7s/7hThTd/9h/6h:-50|19345|-19295:C|A|B
STATE:861:ccc/ccc/ccr16453cc/cr19694r20000cc:7h9c|2h7c|8d8c/4h6hTs/4c/Kh:-20000|-20000|40000:A|B|C
STATE:862:r7476cr15854cf/r17244r19226c/cc/cc:8s2h|KcTd|Ks6d/Ac7d3h/9c/Qh:-7476|26702|-19226:B|C|A
STATE:863:cr4429r18204cc/cr19862r20000cc//:3sAh|9hTh|Ac4d/Kd8s6s/4s/9c:-20000|40000|-20000:C|A|B
STATE:864:r4564cc/ccr11279r19737cr20000cc//:Ac2d|6h9h|Kh5c/8dJsKc/7s/9d:-20000|-20000|40000:A|B|C
STATE:865:r11900cr20000fc///:JhTd|AcQh|3s3h/9c7h6h/Ks/Kh:-20000|31900|-11900:B|C|A
STATE:866:ccr6852cr19574r20000cc///:7dJd|QdJs|4cQc/5h6d5d/9s/Td:40000|-20000|-20000:C|A|B
STATE:867:r5998cr19456cr20000cc///:Kc4h|Qh3d|TcQd/3cQc3s/Th/7d:-20000|40000|-20000:A|B|C
STATE:868:ccr3548r10889cr18328r20000ff:3d3h|4dTs|4sKd:-10889|-18328|29217:B|C|A
STATE:869:cr13646r20000cf///:JcKs|AdKc|9d6s/3sKd8s/Qd/Th:-13646|33646|-20000:C|A|B
STATE:870:r13907cc/r18542cc/ccc/r18888cc:4s5h|9hKs|JcKd/8cKh4c/Js/3d:-18888|-18888|37776:A|B|C
STATE:871:ccr14985cf/cc/r18512r20000c/:2d5c|KhJh|KsQh/Ad8h6h/6s/Jc:-100|20100|-20000:B|C|A
STATE:872:fr14395r20000c///:4dKh|4hAs|Td2c/9h9dTc/Qh/3s:-20000|20000|0:C|A|B
STATE:873:r10746r20000cc///:JhAd|5h9d|4d2d/8s3c9c/Tc/5s:-20000|40000|-20000:A|B|C
STATE:874:cfc/cr17961c/cr19132f:KcKd|4sKh|7s3h/Js3cKs/6s:-50|-17961|18011:B|C|A
STATE:875:r6599cr19627cc/cr19905r20000cc//:5dAd|6h8d|Ts9c/AsKcQh/4h/Qc:40000|-20000|-20000:C|A|B
STATE:876:ccc/r993cr10246fr19971r20000c//:Ad3s|4s5s|4d6h/7sKh7h/2d/8h:-993|-20000|20993:A|B|C
STATE:877:r19904r20000cc///:3cQc|JsQd|6hJd/8h3d3h/7c/Ah:40000|-20000|-20000:B|C|A
STATE:878:r10799r20000cc///:9s2h|9d7h|Jh7d/Td9cKd/Jc/4h:-20000|-20000|40000:C|A|B
STATE:879:cr15815r20000cc///:6hJs|6cKh|8sTh/3cQhAc/Ah/7d:-20000|40000|-20000:A|B|C
STATE:880:r14023fc/r17141r20000c//:7dTh|AsAd|2dJh/3s6s9h/8d/9s:-50|20050|-20000:B|C|A
STATE:881:r17198r20000cc///:3h7s|5sQd|4dTc/3dTd2c/7d/6c:40000|-20000|-20000:C|A|B
STATE:882:cr9856r19966r20000cc///:9c4d|Js8d|Ad6c/5c9dTs/8h/2c:40000|-20000|-20000:A|B|C
STATE:883:r8258cr19045cc/cr19818cc/cr19967cr20000cc/:4s4h|6sQh|JdAh/2h3s5h/Ad/6d:40000|-20000|-20000:B|C|A
STATE:884:ccc/r12387cr20000fc//:9c5d|6d4s|Qs7s/3s7c6h/5h/Js:-12387|32387|-20000:C|A|B
STATE:885:r4436r15057r20000cc///:9h8s|QhTs|9dAh/7sJs6s/4s/Jd:-20000|40000|-20000:A|B|C
STATE:886:r15451cc/r18314cc/ccc/ccr18844fc:7hTd|9hJs|6h4c/Ks4s8h/Kh/9c:-18314|37158|-18844:B|C|A
STATE:887:r19072cc/ccc/r19658cr20000cc/:Jh3s|2d8h|3cKs/9c5cJc/9d/Ts:40000|-20000|-20000:C|A|B
STATE:888:cr1631r16603r20000fc///:4d2h|AdKs|TcKd/3d4c8h/7s/7c:-1631|21631|-20000:A|B|C
STATE:889:cr19770cc/r19933r20000cc//:Ks9c|5c9s|3s8s/KhQsJh/Ah/8d:40000|-20000|-20000:B|C|A
STATE:890:cr9609cr19890r20000cc///:4sQh|QdTh|3c2c/4hJd8d/6c/9h:-20000|40000|-20000:C|A|B
STATE:891:r7826r19810fc/cr19939r20000c//:JcJs|7d8s|Ad4d/3s9c6d/2s/Jh:20100|-100|-20000:A|B|C
STATE:892:r14971r20000fc///:Kc7c|2h9s|6d8h/7hAhJs/3h/2d:20100|-100|-20000:B|C|A
STATE:893:cr8816cr19895r20000cc///:QsTs|9hTh|TdJc/3h2d5s/9c/5c:-20000|40000|-20000:C|A|B
STATE:894:r14394cr20000cc///:Ac3h|Jc2s|9h3c/2h6s4d/3d/Kd:40000|-20000|-20000:A|B|C
STATE:895:cfr8306r19391c/cc/cc/cc:4h5d|3h8d|4sQs/3sTh9d/7h/3c:-50|19441|-19391:B|C|A
STATE:896:r9328cr19253r20000cc///:6s5h|Kc7d|Ah6h/5d2cTs/Qc/2d:40000|-20000|-20000:C|A|B
STATE:897:cr8772cr17508cr20000cc///:3d3c|Kh6c|8hAh/6hTcQd/Td/2h:-20000|40000|-20000:A|B|C
STATE:898:r4715r17264cc/r18417cr19956r20000cc//:5c6c|2c8s|AcAd/4d6s4s/7s/9c:-20000|-20000|40000:B|C|A
STATE:899:r19681cc/r19921cr20000cf//:3h3d|6s4h|6dTs/Qh8dAd/7d/Js:39921|-19921|-20000:C|A|B
STATE:900:fr16968c/r19981c/cc/r20000c:Kc9s|2sTh|3sJh/5c2h6h/3c/Ks:20000|-20000|0:A|B|C
STATE:901:ccr5942cc/r13718r20000cc//:KdAh|2sKc|Qd4d/Ks9sTs/Jc/5d:-20000|-20000|40000:B|C|A
STATE:902:r15076cr20000cc///:Th7h|8hAc|6cJc/TcQs4c/Kh/Jh:-20000|40000|-20000:C|A|B
STATE:903:cr564cr3118cr6017r19784cr20000cc///:7cQc|2sAc|Kc2h/Ts4d9s/8c/Jh:40000|-20000|-20000:A|B|C
STATE:904:cr12250fc/cr14261c/cc/r19508r20000f:6d2d|7d8c|Kd4d/Ks9hKh/9d/5c:-19508|-100|19608:B|C|A
STATE:905:r12772r20000fc///:5c7c|6h2h|AsJs/6c2s7h/Qs/Ts:-20000|-100|20100:C|A|B
STATE:906:r5871r19577cr20000cc///:5h4s|2s8h|Tc3h/9h6cKh/8d/2d:-20000|40000|-20000:A|B|C
STATE:907:ccr8092cc/ccr19048fr20000c//:Jd5d|7c2d|8dJh/8s4hTc/Qs/6c:-8092|-20000|28092:B|C|A
STATE:908:ccc/cr18583fc/cr19039c/cc:9h4d|8c8d|Tc3s/4s2d6d/Th/Qd:-19039|19139|-100:C|A|B
STATE:909:r17071cr20000cc///:6cQd|QsQh|3d5c/ThKd9d/5d/Td:40000|-20000|-20000:A|B|C
STATE:910:ccr5601cf/cc/r8446c/r13087c:9hJs|4sJc|8dAd/As3cTh/Qh/Kc:-100|13187|-13087:B|C|A
STATE:911:cr8211cr17580r20000cc///:Jc5s|5c7d|AsQc/ThJhQh/8s/3h:-20000|-20000|40000:C|A|B
STATE:912:r15047cc/ccc/r19985r20000cc/:Th4h|6h4c|KsAd/Qd7sJc/Ac/Jd:-20000|-20000|40000:A|B|C
STATE:913:ccc/ccr1815cc/r10255fr19024r20000c/:5hJd|2s6h|TdAh/Tc5d5c/6s/2c:21815|-1815|-20000:B|C|A
STATE:914:cr9977cr19897cc/r19997cr20000cc//:Kh8d|6d6c|9c9s/Tc4dAc/Qc/4c:-20000|-20000|40000:C|A|B
STATE:915:fcc/r6188c/r15881c/cc:2s7d|JcTs|3d2c/6s7s7c/4h/Qs:15881|-15881|0:A|B|C
STATE:916:r19918cc/r20000cc//:7c8c|7dJc|3d5s/Ac3cKd/2h/Js:-20000|40000|-20000:B|C|A
STATE:917:cr14958fc/cr17608r20000c//:KsJd|6h2h|4s8s/KdTh7c/Js/2s:20100|-100|-20000:C|A|B
STATE:918:cr13960fr20000c///:AhAc|6c9h|5s2s/3s3c4d/9s/4h:20100|-100|-20000:A|B|C
STATE:919:r10784r20000cc///:6d6c|QsKc|7d6h/6sTs9c/Jd/Tc:40000|-20000|-20000:B|C|A
STATE:920:ccc/cr3570r11461r19621r20000cc//:8s8d|Ts9h|Td2d/4hQhJs/Jc/Ad:40000|-20000|-20000:C|A|B
STATE:921:r374fr12165f:ThAh|9s7c|9hTc:-50|424|-374:A|B|C
STATE:922:cfr1507c/cr8163r17782c/r18142c/r19546c:7h8c|6c3h|Td9h/9c6s8h/Tc/8s:-50|-19546|19596:B|C|A
STATE:923:cfc/cc/r19804r20000c/:9d9c|QdQc|Qh5h/Ks2cJc/2s/9h:-50|20050|-20000:C|A|B
STATE:924:r18291r20000cc///:9c3d|5s9h|3h2c/TsTdAd/4h/2d:-20000|-20000|40000:A|B|C
STATE:925:ccc/r16731r20000cc//:Js6h|3c6s|9cJd/QdTsKc/Qh/3h:-20000|-20000|40000:B|C|A
STATE:926:ccr5068cf/r14031r20000c//:TcAh|4cJh|3s8s/JdTs8c/Ks/As:-100|-20000|20100:C|A|B
STATE:927:r12271r20000cc///:5sAs|4s3c|7c6s/8s6c8c/7h/4d:40000|-20000|-20000:A|B|C
STATE:928:cr13056cr20000cc///:6h9c|4d4h|6sJh/Ah4cAc/6d/5s:-20000|40000|-20000:B|C|A
STATE:929:cr6628r17126cr20000cf///:7c2c|3d5h|4d6h/5sKc3s/5c/As:-20000|37126|-17126:C|A|B
STATE:930:ccc/cr13347r20000cf//:9s3c|Jc8s|7sJh/5c7hTs/4s/3s:-20000|-13347|33347:A|B|C
STATE:931:r18609r20000cc///:9s5c|9cQs|JhJs/8dTc4s/6h/5d:-20000|-20000|40000:B|C|A
STATE:932:r3111cc/r7021cc/cr9814cr17502r20000cc/:7cQc|3hJh|6d3d/2s4h6s/6c/4c:-20000|-20000|40000:C|A|B
STATE:933:cr1944r10963cr19999r20000cc///:Qc8d|9c9d|As4s/6c7d8c/2s/Jc:-20000|40000|-20000:A|B|C
STATE:934:ccr15885cf/r18288f:AcTs|4sKh|8cJc/Ah2d5s:-100|15985|-15885:B|C|A
STATE:935:fr4159r15764c/cc/r19534c/cc:Ks6s|7h8d|4s4d/6hKc4h/Ac/5c:-19534|19534|0:C|A|B
STATE:936:r7714r16118r20000cc///:Ks6s|8dAh|Th2h/AdKd4c/Td/4h:-20000|40000|-20000:A|B|C
STATE:937:r16688fr20000c///:4sKc|8dQc|5c2h/6h4c7s/5s/Tc:-50|20050|-20000:B|C|A
STATE:938:r5463r13282fc/cc/r19046c/cc:3c5h|Ts8d|5d4c/KsAs7c/6d/2c:50|-100|50:C|A|B
STATE:939:r7783r16168cr20000cc///:4s9c|2d7c|Jd4d/2cThTc/Kh/9s:40000|-20000|-20000:A|B|C
STATE:940:r13831fc/cc/r16910c/r19990r20000c:6dTh|4d8h|2d8c/8sQc7d/3d/7c:-50|25|25:B|C|A
STATE:941:r16957cc/ccc/r19640r20000cf/:KsAd|8c2h|9hTc/Qh6s8d/Th/4s:-19640|-20000|39640:C|A|B
STATE:942:r14836cc/r18805cc/cr18958cc/ccc:8h3h|8cQs|9s8s/4hKd4c/5h/Qc:-18958|37916|-18958:A|B|C
STATE:943:cr10644r20000cc///:4h5c|JhJs|AcQd/Qh7c9d/3d/2d:-20000|-20000|40000:B|C|A
STATE:944:r4154r17989cr20000cc///:QcTs|Kd3h|Js2s/2dJc9h/6c/3s:-20000|-20000|40000:C|A|B
STATE:945:r4922cr12454r19998cf/r20000c//:8cAd|8hQh|4h9h/3sQcAc/As/Kh:32454|-12454|-20000:A|B|C
STATE:946:cr12964cc/cr17654fc/r18210r19962f:8c7c|AcJc|ThJd/8h7s4c/Jh:-18210|31174|-12964:B|C|A
STATE:947:cr15684cc/cr16344r19451r20000cc//:9s9h|2s7h|3s6h/Ts5c7s/Jd/Th:40000|-20000|-20000:C|A|B
STATE:948:fr17354f:JcKc|9sTh|Qh9d:100|-100|0:A|B|C
STATE:949:r375cr2938cc/ccc/r16533r20000cf/:Kh4d|6hTh|7sTs/8c4sKs/Jd/9d:-16533|-20000|36533:B|C|A
STATE:950:r15847r20000cc///:KsTd|Jc7s|7c8d/6cAdJh/Qs/Kd:40000|-20000|-20000:C|A|B
STATE:951:ccr16143r20000cf///:AdKc|KdJc|Tc8h/8cJs7d/9h/8s:-20000|-16143|36143:A|B|C
STATE:952:r14189fc/cr16605r19560r20000c//:4d9s|8hJs|5cKc/AsTc4s/Kh/Ad:-50|-20000|20050:B|C|A
STATE:953:ccc/cr2879r6010r14370cr20000cc//:9sQh|4dQd|8c3h/Kh8sAs/6h/Td:-20000|-20000|40000:C|A|B
STATE:954:r16344r20000cc///:AsJd|4hTh|7s2h/3d6d7c/6c/Kc:-20000|-20000|40000:A|B|C
STATE:955:r2057fr14399c/r16345r19881c/r19988c/cr20000c:5h8s|AhKc|2d6d/QhKs8d/5d/3s:-50|20050|-20000:B|C|A
STATE:956:r5741cf/cc/cr16147c/cc:Qs3h|3d4h|Kh7d/QhJh3s/7s/8s:16247|-100|-16147:C|A|B
STATE:957:fcc/cc/cr9250r19898r20000c/:4dJd|8sAd|5s9s/TdQd3c/Jh/6h:20000|-20000|0:A|B|C
STATE:958:cr12686fr20000c///:7d6c|9sAc|2c3d/2h2sAd/Tc/9d:-20000|-100|20100:B|C|A
STATE:959:cr1538r11701cc/r16891cf/cc/r17117c:3dAc|5h7h|Kc5c/9h3s9d/Qs/6d:28818|-17117|-11701:C|A|B
STATE:960:r730cr4392cc/ccr19946r20000cc//:6cAh|8d5s|4d8s/7h2h4h/6d/9s:-20000|40000|-20000:A|B|C
STATE:961:ccc/cr15570r20000fc//:5sQs|AhTh|7d3d/6dQd8h/9d/Ks:-100|-20000|20100:B|C|A
STATE:962:r1251r2836cc/cr17893r20000fc//:5h2c|2hQs|Jc7d/Ac5sTc/7s/9d:-2836|-20000|22836:C|A|B
STATE:963:r11306r20000cc///:3d7s|4sJs|3c6c/As6hAc/Kc/Qd:-20000|-20000|40000:A|B|C
STATE:964:r16155r20000cf///:JdJs|2c5s|9h5h/Kh6hTs/6c/As:36155|-20000|-16155:B|C|A
STATE:965:ccc/cr10319r20000cf//:JcKc|4c6h|Ks5s/KhTs2s/9s/8c:-20000|-10319|30319:C|A|B
STATE:966:ccr19408cr20000cc///:5sTc|Jd2c|3s7c/Qd4dTd/Qs/6c:40000|-20000|-20000:A|B|C
STATE:967:ccc/r14920r20000cc//:2d3s|KcKh|7h9h/8hQh6h/8s/Ts:-20000|-20000|40000:B|C|A
STATE:968:cfc/r11925r20000c//:4c3h|8d9s|KhAc/As7c5d/5c/2h:-50|-20000|20050:C|A|B
STATE:969:cr1442cc/r6708cc/cr15994r20000cc/:5dTd|2d9d|3cKs/Qs5c7s/4h/3s:40000|-20000|-20000:A|B|C
STATE:970:r13882cr20000cf///:7c2c|5c8s|4hTh/6sQcAh/9h/As:-13882|-20000|33882:B|C|A
STATE:971:cr7523cc/r18938cr20000cf//:9s8h|2h8c|Ad5s/6sTd3c/Jc/4h:-20000|-18938|38938:C|A|B
STATE:972:cr15091cr20000cc///:5d8h|Ah6c|4hAc/Kd2s4d/Jd/4s:-20000|-20000|40000:A|B|C
STATE:973:r16260r20000cc///:Qd7h|6cJh|3h2d/4c2c4h/Th/Qc:40000|-20000|-20000:B|C|A
STATE:974:r19371cc/cr19757r20000cc//:4d6c|4hJh|3hAs/9cKhKd/7c/Qs:-20000|-20000|40000:C|A|B
STATE:975:r6961r15624cf/r18601c/r19715r20000c/:4s8c|TsJh|Th4d/As9dQs/Kd/Kc:-20000|26961|-6961:A|B|C
STATE:976:r4555r10175r18154r20000cc///:QhJc|KsTd|2dJh/Th2c4s/Qc/2s:-20000|-20000|40000:B|C|A
STATE:977:r2108cr6274r14008cr20000cc///:2cAd|3hJc|KhJd/Qd5sJs/6d/8h:-20000|-20000|40000:C|A|B
STATE:978:r4882cc/cr16135cr20000cc//:2hTs|Td6d|QhAs/Js2cJh/4h/9s:40000|-20000|-20000:A|B|C
STATE:979:r11435r20000cc///:6h3c|5h5c|6s9h/2cAdAs/7s/Ts:-20000|40000|-20000:B|C|A
STATE:980:ccc/cr12639cc/r15054r19913cc/r20000cc:5s3s|Jh2s|9cTs/Kc7sTh/4c/9s:-20000|-20000|40000:C|A|B
STATE:981:ccc/ccr17596cr20000cc//:5hKc|5s9h|JcAc/Ad9c8d/7s/4s:-20000|-20000|40000:A|B|C
STATE:982:cr12240r20000cc///:5s9c|Td9h|5c2h/Jd8sJc/7s/Js:-20000|40000|-20000:B|C|A
STATE:983:r13559cf/cc/cc/r16702c:7hJc|8dTc|AsQd/7d9d8c/Ts/7s:16802|-100|-16702:C|A|B
STATE:984:r7208r19471r20000cc///:3dJh|9h6c|Ks7d/4s8d8c/Td/9d:-20000|40000|-20000:A|B|C
STATE:985:cr11607r20000cc///:Ks5s|Jd2c|Ts6h/Jc4d7d/Td/Jh:-20000|40000|-20000:B|C|A
STATE:986:r12897r20000cc///:5hTc|7c8c|7h4c/Jh4d4s/8h/3h:-20000|-20000|40000:C|A|B
STATE:987:r15988cc/ccr19228r20000cc//:7sQs|6d3c|9cAc/JhJc5s/5h/Tc:-20000|-20000|40000:A|B|C
STATE:988:ccr568cc/r13303r20000cc//:3h4s|2h3c|KdTd/QdAh7s/9s/Js:-20000|-20000|40000:B|C|A
STATE:989:cr5024cc/cr14762r20000cc//:2d3h|8cTh|7cQh/QcAc7s/5h/7h:-20000|-20000|40000:C|A|B
STATE:990:cr10762r20000cc///:Kd2d|6c2s|8hTh/2c4h9s/Ad/As:40000|-20000|-20000:A|B|C
STATE:991:r719r1475cf/r10432r19613c/cr19911r20000f:Td7s|4c5s|Qc4s/5dAd7c/6c:20630|-19911|-719:B|C|A
STATE:992:cfc/r5157r13105c/r15331r19992r20000c/:Jh9d|8hAh|As6c/3dKc3c/2d/Kh:-50|25|25:C|A|B
STATE:993:r4567fc/cr14007f:Qd2h|5c4d|6s2d/As8s6d:-50|-4567|4617:A|B|C
STATE:994:ccr5408r10796r17904cc/cr18670ff:8d4c|6sQd|Ts2s/2d9hTh:-17904|35808|-17904:B|C|A
STATE:995:r11324cc/ccc/ccc/ccc:7cKh|3s2h|Js4h/KcQc2s/5h/4s:22648|-11324|-11324:C|A|B
STATE:996:ff:QhQd|3cQc|2cTh:-50|50|0:A|B|C
STATE:997:ccr16109fr20000c///:Qd2s|KdTs|6dQh/6h6sTc/3h/Jd:-20000|20100|-100:B|C|A
STATE:998:r12376cr20000cc///:6hKc|6cAd|6d2c/QdTd9h/7h/Jc:40000|-20000|-20000:C|A|B
STATE:999:ccr13340r20000cc///:QsAs|3s8h|Qd3c/4d6d2d/5d/2c:-20000|-20000|40000:A|B|C
SCORE:-116574.5|339810.5|-223236:A|B|C
